20160512 10:25:24 [INFO] Cost Allocation lookup started for employee id: 123456
20160512 10:25:24 [INFO] LOG_RETENTION set to max 20 logs in config.
20160512 10:25:25 [INFO] Data retrieved from database successful.
20160512 10:25:25 [INFO] 123456 was not found.
20160512 10:33:11 [INFO] Cost Allocation lookup started for employee id: 123456
20160512 10:33:11 [INFO] LOG_RETENTION set to max 20 logs in config.
20160512 10:33:11 [INFO] Data retrieved from database successful.
20160512 10:33:11 [INFO] 123456 was not found.
20160512 10:33:36 [INFO] Cost Allocation lookup started for employee id: 123456
20160512 10:33:36 [INFO] LOG_RETENTION set to max 20 logs in config.
20160512 10:33:36 [INFO] RUN_SQL is currently disabled in config. Attempting to run allocation cost from provided file.
20160512 10:33:36 [INFO] 123456 was not found.
20160512 10:43:56 [INFO] Cost Allocation lookup started for employee id: 123456
20160512 10:43:56 [INFO] LOG_RETENTION set to max 20 logs in config.
20160512 10:43:56 [INFO] RUN_SQL is currently disabled in config. Attempting to run allocation cost from provided file.
20160512 10:43:56 [ERROR] Header date does not match current date in  C:/Practice/data/employees.dat.
20160512 10:45:40 [INFO] Cost Allocation lookup started for employee id: 123456
20160512 10:45:40 [INFO] LOG_RETENTION set to max 20 logs in config.
20160512 10:45:40 [INFO] RUN_SQL is currently disabled in config. Attempting to run allocation cost from provided file.
20160512 10:45:40 [ERROR] Header record not found in C:/Practice/data/employees.dat.
20160512 10:49:46 [INFO] Cost Allocation lookup started for employee id: 123456
20160512 10:49:46 [INFO] LOG_RETENTION set to max 20 logs in config.
20160512 10:49:46 [INFO] RUN_SQL is currently disabled in config. Attempting to run allocation cost from provided file.
20160512 10:49:46 [ERROR] Number of data records in C:/Practice/data/employees.dat (67) does not match the expected total of (68) provided in the trailer record.
20160512 10:52:33 [INFO] Cost Allocation lookup started for employee id: 123456
20160512 10:52:33 [INFO] LOG_RETENTION set to max 20 logs in config.
20160512 10:52:33 [INFO] RUN_SQL is currently disabled in config. Attempting to run allocation cost from provided file.
20160512 10:52:33 [ERROR] Trailer record not found in C:/Practice/data/employees.dat.
20160512 11:00:08 [INFO] Cost Allocation lookup started for employee id: 123456
20160512 11:00:08 [INFO] LOG_RETENTION set to max 20 logs in config.
20160512 11:00:08 [INFO] RUN_SQL is currently disabled in config. Attempting to run allocation cost from provided file.
20160512 11:00:08 [ERROR] Multiple header records found in C:/Practice/data/employees.dat.
20160512 11:01:02 [INFO] Cost Allocation lookup started for employee id: 123456
20160512 11:01:02 [INFO] LOG_RETENTION set to max 20 logs in config.
20160512 11:01:02 [INFO] RUN_SQL is currently disabled in config. Attempting to run allocation cost from provided file.
20160512 11:01:02 [INFO] 123456 was not found.
20160512 11:06:59 [INFO] Cost Allocation lookup started for employee id: 123456
20160512 11:06:59 [INFO] LOG_RETENTION set to max 20 logs in config.
20160512 11:06:59 [INFO] RUN_SQL is currently disabled in config. Attempting to run allocation cost from provided file.
20160512 11:06:59 [ERROR] Number of data records in C:/Practice/data/employees.dat (134) does not match the expected total of (67) provided in the trailer record.
20160512 11:07:18 [INFO] Cost Allocation lookup started for employee id: 123456
20160512 11:07:18 [INFO] LOG_RETENTION set to max 20 logs in config.
20160512 11:07:18 [INFO] RUN_SQL is currently disabled in config. Attempting to run allocation cost from provided file.
20160512 11:07:18 [INFO] 123456 was not found.
20160512 11:09:03 [INFO] Cost Allocation lookup started for employee id: 123456
20160512 11:09:03 [INFO] LOG_RETENTION set to max 20 logs in config.
20160512 11:09:03 [INFO] RUN_SQL is currently disabled in config. Attempting to run allocation cost from provided file.
20160512 11:09:03 [ERROR] Number of records (134) is more than the configured MAX_RECORD_COUNT (100).
20160512 11:09:22 [INFO] Cost Allocation lookup started for employee id: 123456
20160512 11:09:22 [INFO] LOG_RETENTION set to max 20 logs in config.
20160512 11:09:22 [INFO] RUN_SQL is currently disabled in config. Attempting to run allocation cost from provided file.
20160512 11:09:22 [ERROR] Number of records (134) is more than the configured MAX_RECORD_COUNT (100).
20160512 11:17:25 [INFO] Cost Allocation lookup started for employee id: 123456
20160512 11:17:25 [INFO] LOG_RETENTION set to max 20 logs in config.
20160512 11:17:25 [INFO] RUN_SQL is currently disabled in config. Attempting to run allocation cost from provided file.
20160512 11:17:25 [ERROR] Number of records (114) is more than the configured MAX_RECORD_COUNT (100).
20160512 11:17:58 [INFO] Cost Allocation lookup started for employee id: 123456
20160512 11:17:58 [INFO] LOG_RETENTION set to max 20 logs in config.
20160512 11:17:58 [INFO] RUN_SQL is currently disabled in config. Attempting to run allocation cost from provided file.
20160512 11:17:58 [ERROR] Number of records (38) is less than the configured MIN_RECORD_COUNT (50).
20160512 11:22:19 [INFO] Cost Allocation lookup started for employee id: 123456
20160512 11:22:19 [INFO] LOG_RETENTION set to max 20 logs in config.
20160512 11:22:19 [INFO] Data retrieved from database successful.
20160512 11:22:19 [INFO] 123456 was not found.
20160512 11:23:41 [INFO] Cost Allocation lookup started for employee id: 123456
20160512 11:23:41 [INFO] LOG_RETENTION set to max 20 logs in config.
20160512 11:23:41 [INFO] Data retrieved from database successful.
20160512 11:23:41 [INFO] 123456 was not found.
20160512 11:25:39 [INFO] Cost Allocation lookup started for employee id: 101776
20160512 11:25:39 [INFO] LOG_RETENTION set to max 20 logs in config.
20160512 11:25:39 [INFO] Data retrieved from database successful.
ARON LEE 101776 (MANAGER $300.66)
	STACEY HICKS 948472 (MANAGER $300.66)
		JARRETT LITTLE 876481 (MANAGER $300.66)
			JEREMIAH WOODS 601311 (QA TESTER $500.77)
			LON HOLLAND 609143 (QA TESTER $500.77)
			BARTON DUNN 886288 (QA TESTER $500.77)
			ARNULFO JOHNSTON 778033 (QA TESTER $500.77)
			JERRY JOHNSON 786660 (QA TESTER $500.77)
			IRWIN WHITE 005804 (QA TESTER $500.77)
			MICHEL LEONARD 242394 (DEVELOPER $1000.88)
			OMAR ROBERTSON 040302 (QA TESTER $500.77)
			ROSCOE WELLS 126855 (QA TESTER $500.77)
	RODNEY HUGHES 351254 (MANAGER $300.66)
		HOSEA COOK 935616 (MANAGER $300.66)
			BARNEY CUNNINGHAM 708568 (QA TESTER $500.77)
			ALEX COLEMAN 158317 (DEVELOPER $1000.88)
			HUGH CUMMINGS 654645 (QA TESTER $500.77)
			DIRK TUCKER 310492 (DEVELOPER $1000.88)
			TONY SNYDER 561950 (QA TESTER $500.77)
			JOHN SIMMONS 179338 (DEVELOPER $1000.88)
			ALEJANDRO HARPER 791837 (QA TESTER $500.77)
			CLINTON KING 841872 (QA TESTER $500.77)
			COLE HUBBARD 892795 (QA TESTER $500.77)
	EMERY OSBORNE 539310 (MANAGER $300.66)
		HANS ELLIOTT 152341 (MANAGER $300.66)
			KIRBY HOLT 564397 (DEVELOPER $1000.88)
			THEODORE POTTER 853680 (DEVELOPER $1000.88)
			TROY PETERSON 860910 (QA TESTER $500.77)
			MARIA BARTLETT 518967 (DEVELOPER $1000.88)
			MARCELINO GILBERT 443311 (QA TESTER $500.77)
			VALENTIN OWEN 537385 (DEVELOPER $1000.88)
			EARLE BAKER 740066 (DEVELOPER $1000.88)
			ANGELO BRADLEY 142667 (DEVELOPER $1000.88)
			KELLY SHERMAN 807013 (QA TESTER $500.77)
	TOMMIE MONTGOMERY 463995 (MANAGER $300.66)
		WINFRED BALL 402233 (MANAGER $300.66)
			ODIS HILL 329408 (DEVELOPER $1000.88)
			ELDON STAFFORD 521389 (DEVELOPER $1000.88)
			DEL WELLS 950525 (DEVELOPER $1000.88)
			DELMAR OLIVER 503583 (QA TESTER $500.77)
			LINCOLN HALL 889660 (QA TESTER $500.77)
			BRETT LINCOLN 447827 (QA TESTER $500.77)
			PATRICIA PHELPS 302294 (DEVELOPER $1000.88)
			BERT SPARKS 657053 (QA TESTER $500.77)
			LINCOLN WILCOX 563718 (DEVELOPER $1000.88)
	CHESTER SHAW 326764 (MANAGER $300.66)
		BRYCE STAFFORD 926260 (MANAGER $300.66)
			TREY BRADLEY 258165 (QA TESTER $500.77)
			AHMAD GEORGE 274652 (QA TESTER $500.77)
			LAMAR HOWE 645819 (DEVELOPER $1000.88)
			GROVER WARNER 519413 (DEVELOPER $1000.88)
			GARRY BOONE 690528 (DEVELOPER $1000.88)
			CECIL BARTON 573634 (QA TESTER $500.77)
			HARRISON BERRY 309633 (QA TESTER $500.77)
			ENRIQUE WATKINS 348713 (DEVELOPER $1000.88)
			ELOY HUNT 897302 (DEVELOPER $1000.88)
	HUEY ADAMS 805447 (MANAGER $300.66)
		RALPH WOODS 654321 (MANAGER $300.66)
			CARROL SPENCER 757664 (QA TESTER $500.77)
			TERRENCE MARTIN 095695 (DEVELOPER $1000.88)
			LENNY CAMPBELL 148548 (DEVELOPER $1000.88)
			DELMER MORRIS 943481 (DEVELOPER $1000.88)
			ODIS STUART 616994 (DEVELOPER $1000.88)
			LEIGH KNIGHT 225342 (QA TESTER $500.77)
			WILEY MYERS 602650 (DEVELOPER $1000.88)
			JOSE JONES 506139 (QA TESTER $500.77)
			NED HARRIS 101545 (QA TESTER $500.77)
ARON LEE
Employee ID: 101776
Role: MANAGER
Department: CEO
Total Allocation Cost: $43452.91
20160512 11:28:31 [INFO] Cost Allocation lookup started for employee id: 101776
20160512 11:28:31 [INFO] LOG_RETENTION set to max 20 logs in config.
20160512 11:28:31 [INFO] Data retrieved from database successful.
ARON LEE 101776 (MANAGER $300)
	CHESTER SHAW 326764 (MANAGER $300)
		BRYCE STAFFORD 926260 (MANAGER $300)
			TREY BRADLEY 258165 (QA TESTER $500)
			ENRIQUE WATKINS 348713 (DEVELOPER $1000)
			LAMAR HOWE 645819 (DEVELOPER $1000)
			GARRY BOONE 690528 (DEVELOPER $1000)
			AHMAD GEORGE 274652 (QA TESTER $500)
			CECIL BARTON 573634 (QA TESTER $500)
			HARRISON BERRY 309633 (QA TESTER $500)
			ELOY HUNT 897302 (DEVELOPER $1000)
			GROVER WARNER 519413 (DEVELOPER $1000)
	EMERY OSBORNE 539310 (MANAGER $300)
		HANS ELLIOTT 152341 (MANAGER $300)
			MARCELINO GILBERT 443311 (QA TESTER $500)
			KELLY SHERMAN 807013 (QA TESTER $500)
			ANGELO BRADLEY 142667 (DEVELOPER $1000)
			TROY PETERSON 860910 (QA TESTER $500)
			KIRBY HOLT 564397 (DEVELOPER $1000)
			THEODORE POTTER 853680 (DEVELOPER $1000)
			EARLE BAKER 740066 (DEVELOPER $1000)
			MARIA BARTLETT 518967 (DEVELOPER $1000)
			VALENTIN OWEN 537385 (DEVELOPER $1000)
	RODNEY HUGHES 351254 (MANAGER $300)
		HOSEA COOK 935616 (MANAGER $300)
			CLINTON KING 841872 (QA TESTER $500)
			ALEX COLEMAN 158317 (DEVELOPER $1000)
			ALEJANDRO HARPER 791837 (QA TESTER $500)
			JOHN SIMMONS 179338 (DEVELOPER $1000)
			DIRK TUCKER 310492 (DEVELOPER $1000)
			COLE HUBBARD 892795 (QA TESTER $500)
			HUGH CUMMINGS 654645 (QA TESTER $500)
			TONY SNYDER 561950 (QA TESTER $500)
			BARNEY CUNNINGHAM 708568 (QA TESTER $500)
	HUEY ADAMS 805447 (MANAGER $300)
		RALPH WOODS 654321 (MANAGER $300)
			NED HARRIS 101545 (QA TESTER $500)
			JOSE JONES 506139 (QA TESTER $500)
			CARROL SPENCER 757664 (QA TESTER $500)
			LEIGH KNIGHT 225342 (QA TESTER $500)
			WILEY MYERS 602650 (DEVELOPER $1000)
			ODIS STUART 616994 (DEVELOPER $1000)
			DELMER MORRIS 943481 (DEVELOPER $1000)
			LENNY CAMPBELL 148548 (DEVELOPER $1000)
			TERRENCE MARTIN 095695 (DEVELOPER $1000)
	STACEY HICKS 948472 (MANAGER $300)
		JARRETT LITTLE 876481 (MANAGER $300)
			JERRY JOHNSON 786660 (QA TESTER $500)
			OMAR ROBERTSON 040302 (QA TESTER $500)
			LON HOLLAND 609143 (QA TESTER $500)
			ARNULFO JOHNSTON 778033 (QA TESTER $500)
			JEREMIAH WOODS 601311 (QA TESTER $500)
			ROSCOE WELLS 126855 (QA TESTER $500)
			MICHEL LEONARD 242394 (DEVELOPER $1000)
			BARTON DUNN 886288 (QA TESTER $500)
			IRWIN WHITE 005804 (QA TESTER $500)
	TOMMIE MONTGOMERY 463995 (MANAGER $300)
		WINFRED BALL 402233 (MANAGER $300)
			ODIS HILL 329408 (DEVELOPER $1000)
			BRETT LINCOLN 447827 (QA TESTER $500)
			LINCOLN HALL 889660 (QA TESTER $500)
			DEL WELLS 950525 (DEVELOPER $1000)
			DELMAR OLIVER 503583 (QA TESTER $500)
			BERT SPARKS 657053 (QA TESTER $500)
			ELDON STAFFORD 521389 (DEVELOPER $1000)
			PATRICIA PHELPS 302294 (DEVELOPER $1000)
			LINCOLN WILCOX 563718 (DEVELOPER $1000)
ARON LEE
Employee ID: 101776
Role: MANAGER
Department: CEO
Total Allocation Cost: $43400.00
20160512 11:32:52 [INFO] Cost Allocation lookup started for employee id: 101776
20160512 11:32:52 [INFO] LOG_RETENTION set to max 20 logs in config.
20160512 11:32:52 [INFO] Data retrieved from database successful.
ARON LEE 101776 (MANAGER $300)
	TOMMIE MONTGOMERY 463995 (MANAGER $300)
		WINFRED BALL 402233 (MANAGER $300)
			DELMAR OLIVER 503583 (QA TESTER $500)
			ELDON STAFFORD 521389 (DEVELOPER $1000)
			PATRICIA PHELPS 302294 (DEVELOPER $1000)
			ODIS HILL 329408 (DEVELOPER $1000)
			LINCOLN HALL 889660 (QA TESTER $500)
			BRETT LINCOLN 447827 (QA TESTER $500)
			DEL WELLS 950525 (DEVELOPER $1000)
			LINCOLN WILCOX 563718 (DEVELOPER $1000)
			BERT SPARKS 657053 (QA TESTER $500)
	HUEY ADAMS 805447 (MANAGER $300)
		RALPH WOODS 654321 (MANAGER $300)
			TERRENCE MARTIN 095695 (DEVELOPER $1000)
			LEIGH KNIGHT 225342 (QA TESTER $500)
			ODIS STUART 616994 (DEVELOPER $1000)
			WILEY MYERS 602650 (DEVELOPER $1000)
			JOSE JONES 506139 (QA TESTER $500)
			NED HARRIS 101545 (QA TESTER $500)
			CARROL SPENCER 757664 (QA TESTER $500)
			DELMER MORRIS 943481 (DEVELOPER $1000)
			LENNY CAMPBELL 148548 (DEVELOPER $1000)
	RODNEY HUGHES 351254 (MANAGER $300)
		HOSEA COOK 935616 (MANAGER $300)
			CLINTON KING 841872 (QA TESTER $500)
			JOHN SIMMONS 179338 (DEVELOPER $1000)
			TONY SNYDER 561950 (QA TESTER $500)
			ALEX COLEMAN 158317 (DEVELOPER $1000)
			DIRK TUCKER 310492 (DEVELOPER $1000)
			HUGH CUMMINGS 654645 (QA TESTER $500)
			BARNEY CUNNINGHAM 708568 (QA TESTER $500)
			COLE HUBBARD 892795 (QA TESTER $500)
			ALEJANDRO HARPER 791837 (QA TESTER $500)
	STACEY HICKS 948472 (MANAGER $300)
		JARRETT LITTLE 876481 (MANAGER $300)
			JERRY JOHNSON 786660 (QA TESTER $500)
			LON HOLLAND 609143 (QA TESTER $500)
			ROSCOE WELLS 126855 (QA TESTER $500)
			ARNULFO JOHNSTON 778033 (QA TESTER $500)
			JEREMIAH WOODS 601311 (QA TESTER $500)
			BARTON DUNN 886288 (QA TESTER $500)
			IRWIN WHITE 005804 (QA TESTER $500)
			OMAR ROBERTSON 040302 (QA TESTER $500)
			MICHEL LEONARD 242394 (DEVELOPER $1000)
	EMERY OSBORNE 539310 (MANAGER $300)
		HANS ELLIOTT 152341 (MANAGER $300)
			TROY PETERSON 860910 (QA TESTER $500)
			MARIA BARTLETT 518967 (DEVELOPER $1000)
			MARCELINO GILBERT 443311 (QA TESTER $500)
			KIRBY HOLT 564397 (DEVELOPER $1000)
			VALENTIN OWEN 537385 (DEVELOPER $1000)
			ANGELO BRADLEY 142667 (DEVELOPER $1000)
			KELLY SHERMAN 807013 (QA TESTER $500)
			THEODORE POTTER 853680 (DEVELOPER $1000)
			EARLE BAKER 740066 (DEVELOPER $1000)
	CHESTER SHAW 326764 (MANAGER $300)
		BRYCE STAFFORD 926260 (MANAGER $300)
			CECIL BARTON 573634 (QA TESTER $500)
			GARRY BOONE 690528 (DEVELOPER $1000)
			ENRIQUE WATKINS 348713 (DEVELOPER $1000)
			AHMAD GEORGE 274652 (QA TESTER $500)
			GROVER WARNER 519413 (DEVELOPER $1000)
			HARRISON BERRY 309633 (QA TESTER $500)
			TREY BRADLEY 258165 (QA TESTER $500)
			LAMAR HOWE 645819 (DEVELOPER $1000)
			ELOY HUNT 897302 (DEVELOPER $1000)
ARON LEE
Employee ID: 101776
Role: MANAGER
Department: CEO
Total Allocation Cost: $43400.00
20160512 11:33:04 [INFO] Cost Allocation lookup started for employee id: 101776
20160512 11:33:04 [INFO] LOG_RETENTION set to max 20 logs in config.
20160512 11:33:04 [INFO] Data retrieved from database successful.
ARON LEE 101776 (MANAGER $300)
	RODNEY HUGHES 351254 (MANAGER $300)
		HOSEA COOK 935616 (MANAGER $300)
			ALEX COLEMAN 158317 (DEVELOPER $1000)
			JOHN SIMMONS 179338 (DEVELOPER $1000)
			BARNEY CUNNINGHAM 708568 (QA TESTER $500)
			DIRK TUCKER 310492 (DEVELOPER $1000)
			ALEJANDRO HARPER 791837 (QA TESTER $500)
			HUGH CUMMINGS 654645 (QA TESTER $500)
			CLINTON KING 841872 (QA TESTER $500)
			TONY SNYDER 561950 (QA TESTER $500)
			COLE HUBBARD 892795 (QA TESTER $500)
	STACEY HICKS 948472 (MANAGER $300)
		JARRETT LITTLE 876481 (MANAGER $300)
			ROSCOE WELLS 126855 (QA TESTER $500)
			BARTON DUNN 886288 (QA TESTER $500)
			MICHEL LEONARD 242394 (DEVELOPER $1000)
			OMAR ROBERTSON 040302 (QA TESTER $500)
			ARNULFO JOHNSTON 778033 (QA TESTER $500)
			IRWIN WHITE 005804 (QA TESTER $500)
			LON HOLLAND 609143 (QA TESTER $500)
			JEREMIAH WOODS 601311 (QA TESTER $500)
			JERRY JOHNSON 786660 (QA TESTER $500)
	EMERY OSBORNE 539310 (MANAGER $300)
		HANS ELLIOTT 152341 (MANAGER $300)
			THEODORE POTTER 853680 (DEVELOPER $1000)
			ANGELO BRADLEY 142667 (DEVELOPER $1000)
			MARIA BARTLETT 518967 (DEVELOPER $1000)
			VALENTIN OWEN 537385 (DEVELOPER $1000)
			MARCELINO GILBERT 443311 (QA TESTER $500)
			EARLE BAKER 740066 (DEVELOPER $1000)
			KIRBY HOLT 564397 (DEVELOPER $1000)
			KELLY SHERMAN 807013 (QA TESTER $500)
			TROY PETERSON 860910 (QA TESTER $500)
	TOMMIE MONTGOMERY 463995 (MANAGER $300)
		WINFRED BALL 402233 (MANAGER $300)
			ELDON STAFFORD 521389 (DEVELOPER $1000)
			DEL WELLS 950525 (DEVELOPER $1000)
			BERT SPARKS 657053 (QA TESTER $500)
			LINCOLN HALL 889660 (QA TESTER $500)
			ODIS HILL 329408 (DEVELOPER $1000)
			LINCOLN WILCOX 563718 (DEVELOPER $1000)
			BRETT LINCOLN 447827 (QA TESTER $500)
			DELMAR OLIVER 503583 (QA TESTER $500)
			PATRICIA PHELPS 302294 (DEVELOPER $1000)
	HUEY ADAMS 805447 (MANAGER $300)
		RALPH WOODS 654321 (MANAGER $300)
			JOSE JONES 506139 (QA TESTER $500)
			LEIGH KNIGHT 225342 (QA TESTER $500)
			DELMER MORRIS 943481 (DEVELOPER $1000)
			NED HARRIS 101545 (QA TESTER $500)
			LENNY CAMPBELL 148548 (DEVELOPER $1000)
			ODIS STUART 616994 (DEVELOPER $1000)
			CARROL SPENCER 757664 (QA TESTER $500)
			TERRENCE MARTIN 095695 (DEVELOPER $1000)
			WILEY MYERS 602650 (DEVELOPER $1000)
	CHESTER SHAW 326764 (MANAGER $300)
		BRYCE STAFFORD 926260 (MANAGER $300)
			ELOY HUNT 897302 (DEVELOPER $1000)
			AHMAD GEORGE 274652 (QA TESTER $500)
			GARRY BOONE 690528 (DEVELOPER $1000)
			CECIL BARTON 573634 (QA TESTER $500)
			TREY BRADLEY 258165 (QA TESTER $500)
			HARRISON BERRY 309633 (QA TESTER $500)
			LAMAR HOWE 645819 (DEVELOPER $1000)
			ENRIQUE WATKINS 348713 (DEVELOPER $1000)
			GROVER WARNER 519413 (DEVELOPER $1000)
ARON LEE
Employee ID: 101776
Role: MANAGER
Department: CEO
Total Allocation Cost: $43400.00
20160512 11:35:47 [INFO] Cost Allocation lookup started for employee id: 101776
20160512 11:35:47 [INFO] LOG_RETENTION set to max 20 logs in config.
20160512 11:35:47 [INFO] Data retrieved from database successful.
ARON LEE 101776 (MANAGER $300)
	RODNEY HUGHES 351254 (MANAGER $300)
		HOSEA COOK 935616 (MANAGER $300)
			ALEX COLEMAN 158317 (DEVELOPER $1000.99)
			HUGH CUMMINGS 654645 (QA TESTER $500)
			CLINTON KING 841872 (QA TESTER $500)
			ALEJANDRO HARPER 791837 (QA TESTER $500)
			COLE HUBBARD 892795 (QA TESTER $500)
			DIRK TUCKER 310492 (DEVELOPER $1000.99)
			BARNEY CUNNINGHAM 708568 (QA TESTER $500)
			JOHN SIMMONS 179338 (DEVELOPER $1000.99)
			TONY SNYDER 561950 (QA TESTER $500)
	EMERY OSBORNE 539310 (MANAGER $300)
		HANS ELLIOTT 152341 (MANAGER $300)
			VALENTIN OWEN 537385 (DEVELOPER $1000.99)
			TROY PETERSON 860910 (QA TESTER $500)
			THEODORE POTTER 853680 (DEVELOPER $1000.99)
			MARCELINO GILBERT 443311 (QA TESTER $500)
			EARLE BAKER 740066 (DEVELOPER $1000.99)
			ANGELO BRADLEY 142667 (DEVELOPER $1000.99)
			MARIA BARTLETT 518967 (DEVELOPER $1000.99)
			KELLY SHERMAN 807013 (QA TESTER $500)
			KIRBY HOLT 564397 (DEVELOPER $1000.99)
	CHESTER SHAW 326764 (MANAGER $300)
		BRYCE STAFFORD 926260 (MANAGER $300)
			TREY BRADLEY 258165 (QA TESTER $500)
			HARRISON BERRY 309633 (QA TESTER $500)
			GROVER WARNER 519413 (DEVELOPER $1000.99)
			GARRY BOONE 690528 (DEVELOPER $1000.99)
			ELOY HUNT 897302 (DEVELOPER $1000.99)
			CECIL BARTON 573634 (QA TESTER $500)
			AHMAD GEORGE 274652 (QA TESTER $500)
			ENRIQUE WATKINS 348713 (DEVELOPER $1000.99)
			LAMAR HOWE 645819 (DEVELOPER $1000.99)
	TOMMIE MONTGOMERY 463995 (MANAGER $300)
		WINFRED BALL 402233 (MANAGER $300)
			DELMAR OLIVER 503583 (QA TESTER $500)
			LINCOLN WILCOX 563718 (DEVELOPER $1000.99)
			BERT SPARKS 657053 (QA TESTER $500)
			ELDON STAFFORD 521389 (DEVELOPER $1000.99)
			ODIS HILL 329408 (DEVELOPER $1000.99)
			DEL WELLS 950525 (DEVELOPER $1000.99)
			BRETT LINCOLN 447827 (QA TESTER $500)
			PATRICIA PHELPS 302294 (DEVELOPER $1000.99)
			LINCOLN HALL 889660 (QA TESTER $500)
	HUEY ADAMS 805447 (MANAGER $300)
		RALPH WOODS 654321 (MANAGER $300)
			JOSE JONES 506139 (QA TESTER $500)
			LEIGH KNIGHT 225342 (QA TESTER $500)
			WILEY MYERS 602650 (DEVELOPER $1000.99)
			CARROL SPENCER 757664 (QA TESTER $500)
			ODIS STUART 616994 (DEVELOPER $1000.99)
			TERRENCE MARTIN 095695 (DEVELOPER $1000.99)
			NED HARRIS 101545 (QA TESTER $500)
			DELMER MORRIS 943481 (DEVELOPER $1000.99)
			LENNY CAMPBELL 148548 (DEVELOPER $1000.99)
	STACEY HICKS 948472 (MANAGER $300)
		JARRETT LITTLE 876481 (MANAGER $300)
			MICHEL LEONARD 242394 (DEVELOPER $1000.99)
			LON HOLLAND 609143 (QA TESTER $500)
			ROSCOE WELLS 126855 (QA TESTER $500)
			OMAR ROBERTSON 040302 (QA TESTER $500)
			BARTON DUNN 886288 (QA TESTER $500)
			JEREMIAH WOODS 601311 (QA TESTER $500)
			JERRY JOHNSON 786660 (QA TESTER $500)
			IRWIN WHITE 005804 (QA TESTER $500)
			ARNULFO JOHNSTON 778033 (QA TESTER $500)
ARON LEE
Employee ID: 101776
Role: MANAGER
Department: CEO
Total Allocation Cost: $43424.75
20160512 11:39:41 [INFO] Cost Allocation lookup started for employee id: 101776
20160512 11:39:41 [INFO] LOG_RETENTION set to max 20 logs in config.
20160512 11:39:41 [INFO] Data retrieved from database successful.
ARON LEE 101776 (MANAGER $0)
	CHESTER SHAW 326764 (MANAGER $0)
		BRYCE STAFFORD 926260 (MANAGER $0)
			TREY BRADLEY 258165 (QA TESTER $500)
			ENRIQUE WATKINS 348713 (DEVELOPER $1000.99)
			GARRY BOONE 690528 (DEVELOPER $1000.99)
			GROVER WARNER 519413 (DEVELOPER $1000.99)
			ELOY HUNT 897302 (DEVELOPER $1000.99)
			LAMAR HOWE 645819 (DEVELOPER $1000.99)
			CECIL BARTON 573634 (QA TESTER $500)
			AHMAD GEORGE 274652 (QA TESTER $500)
			HARRISON BERRY 309633 (QA TESTER $500)
	STACEY HICKS 948472 (MANAGER $0)
		JARRETT LITTLE 876481 (MANAGER $0)
			JEREMIAH WOODS 601311 (QA TESTER $500)
			MICHEL LEONARD 242394 (DEVELOPER $1000.99)
			JERRY JOHNSON 786660 (QA TESTER $500)
			OMAR ROBERTSON 040302 (QA TESTER $500)
			BARTON DUNN 886288 (QA TESTER $500)
			ARNULFO JOHNSTON 778033 (QA TESTER $500)
			LON HOLLAND 609143 (QA TESTER $500)
			IRWIN WHITE 005804 (QA TESTER $500)
			ROSCOE WELLS 126855 (QA TESTER $500)
	TOMMIE MONTGOMERY 463995 (MANAGER $0)
		WINFRED BALL 402233 (MANAGER $0)
			LINCOLN HALL 889660 (QA TESTER $500)
			ELDON STAFFORD 521389 (DEVELOPER $1000.99)
			DEL WELLS 950525 (DEVELOPER $1000.99)
			ODIS HILL 329408 (DEVELOPER $1000.99)
			DELMAR OLIVER 503583 (QA TESTER $500)
			PATRICIA PHELPS 302294 (DEVELOPER $1000.99)
			LINCOLN WILCOX 563718 (DEVELOPER $1000.99)
			BERT SPARKS 657053 (QA TESTER $500)
			BRETT LINCOLN 447827 (QA TESTER $500)
	HUEY ADAMS 805447 (MANAGER $0)
		RALPH WOODS 654321 (MANAGER $0)
			JOSE JONES 506139 (QA TESTER $500)
			LENNY CAMPBELL 148548 (DEVELOPER $1000.99)
			CARROL SPENCER 757664 (QA TESTER $500)
			DELMER MORRIS 943481 (DEVELOPER $1000.99)
			TERRENCE MARTIN 095695 (DEVELOPER $1000.99)
			ODIS STUART 616994 (DEVELOPER $1000.99)
			LEIGH KNIGHT 225342 (QA TESTER $500)
			WILEY MYERS 602650 (DEVELOPER $1000.99)
			NED HARRIS 101545 (QA TESTER $500)
	EMERY OSBORNE 539310 (MANAGER $0)
		HANS ELLIOTT 152341 (MANAGER $0)
			EARLE BAKER 740066 (DEVELOPER $1000.99)
			MARCELINO GILBERT 443311 (QA TESTER $500)
			VALENTIN OWEN 537385 (DEVELOPER $1000.99)
			TROY PETERSON 860910 (QA TESTER $500)
			ANGELO BRADLEY 142667 (DEVELOPER $1000.99)
			THEODORE POTTER 853680 (DEVELOPER $1000.99)
			MARIA BARTLETT 518967 (DEVELOPER $1000.99)
			KELLY SHERMAN 807013 (QA TESTER $500)
			KIRBY HOLT 564397 (DEVELOPER $1000.99)
	RODNEY HUGHES 351254 (MANAGER $0)
		HOSEA COOK 935616 (MANAGER $0)
			ALEX COLEMAN 158317 (DEVELOPER $1000.99)
			TONY SNYDER 561950 (QA TESTER $500)
			JOHN SIMMONS 179338 (DEVELOPER $1000.99)
			HUGH CUMMINGS 654645 (QA TESTER $500)
			ALEJANDRO HARPER 791837 (QA TESTER $500)
			COLE HUBBARD 892795 (QA TESTER $500)
			DIRK TUCKER 310492 (DEVELOPER $1000.99)
			CLINTON KING 841872 (QA TESTER $500)
			BARNEY CUNNINGHAM 708568 (QA TESTER $500)
ARON LEE
Employee ID: 101776
Role: MANAGER
Department: CEO
Total Allocation Cost: $39524.75
20160512 11:41:14 [INFO] Cost Allocation lookup started for employee id: 101776
20160512 11:41:14 [INFO] LOG_RETENTION set to max 20 logs in config.
20160512 11:41:14 [INFO] Data retrieved from database successful.
ARON LEE 101776 (MANAGER $0)
	STACEY HICKS 948472 (MANAGER $0)
		JARRETT LITTLE 876481 (MANAGER $0)
			JEREMIAH WOODS 601311 (QA TESTER $500)
			OMAR ROBERTSON 040302 (QA TESTER $500)
			MICHEL LEONARD 242394 (DEVELOPER $1000.99)
			ROSCOE WELLS 126855 (QA TESTER $500)
			IRWIN WHITE 005804 (QA TESTER $500)
			ARNULFO JOHNSTON 778033 (QA TESTER $500)
			LON HOLLAND 609143 (QA TESTER $500)
			JERRY JOHNSON 786660 (QA TESTER $500)
			BARTON DUNN 886288 (QA TESTER $500)
	CHESTER SHAW 326764 (MANAGER $0)
		BRYCE STAFFORD 926260 (MANAGER $0)
			GARRY BOONE 690528 (DEVELOPER $1000.99)
			ENRIQUE WATKINS 348713 (DEVELOPER $1000.99)
			LAMAR HOWE 645819 (DEVELOPER $1000.99)
			TREY BRADLEY 258165 (QA TESTER $500)
			GROVER WARNER 519413 (DEVELOPER $1000.99)
			ELOY HUNT 897302 (DEVELOPER $1000.99)
			HARRISON BERRY 309633 (QA TESTER $500)
			AHMAD GEORGE 274652 (QA TESTER $500)
			CECIL BARTON 573634 (QA TESTER $500)
	RODNEY HUGHES 351254 (MANAGER $0)
		HOSEA COOK 935616 (MANAGER $0)
			ALEJANDRO HARPER 791837 (QA TESTER $500)
			CLINTON KING 841872 (QA TESTER $500)
			BARNEY CUNNINGHAM 708568 (QA TESTER $500)
			TONY SNYDER 561950 (QA TESTER $500)
			HUGH CUMMINGS 654645 (QA TESTER $500)
			COLE HUBBARD 892795 (QA TESTER $500)
			ALEX COLEMAN 158317 (DEVELOPER $1000.99)
			JOHN SIMMONS 179338 (DEVELOPER $1000.99)
			DIRK TUCKER 310492 (DEVELOPER $1000.99)
	TOMMIE MONTGOMERY 463995 (MANAGER $0)
		WINFRED BALL 402233 (MANAGER $0)
			LINCOLN WILCOX 563718 (DEVELOPER $1000.99)
			ODIS HILL 329408 (DEVELOPER $1000.99)
			DEL WELLS 950525 (DEVELOPER $1000.99)
			BERT SPARKS 657053 (QA TESTER $500)
			ELDON STAFFORD 521389 (DEVELOPER $1000.99)
			DELMAR OLIVER 503583 (QA TESTER $500)
			LINCOLN HALL 889660 (QA TESTER $500)
			BRETT LINCOLN 447827 (QA TESTER $500)
			PATRICIA PHELPS 302294 (DEVELOPER $1000.99)
	HUEY ADAMS 805447 (MANAGER $0)
		RALPH WOODS 654321 (MANAGER $0)
			DELMER MORRIS 943481 (DEVELOPER $1000.99)
			LEIGH KNIGHT 225342 (QA TESTER $500)
			WILEY MYERS 602650 (DEVELOPER $1000.99)
			NED HARRIS 101545 (QA TESTER $500)
			ODIS STUART 616994 (DEVELOPER $1000.99)
			CARROL SPENCER 757664 (QA TESTER $500)
			TERRENCE MARTIN 095695 (DEVELOPER $1000.99)
			LENNY CAMPBELL 148548 (DEVELOPER $1000.99)
			JOSE JONES 506139 (QA TESTER $500)
	EMERY OSBORNE 539310 (MANAGER $0)
		HANS ELLIOTT 152341 (MANAGER $0)
			KIRBY HOLT 564397 (DEVELOPER $1000.99)
			MARCELINO GILBERT 443311 (QA TESTER $500)
			TROY PETERSON 860910 (QA TESTER $500)
			VALENTIN OWEN 537385 (DEVELOPER $1000.99)
			THEODORE POTTER 853680 (DEVELOPER $1000.99)
			ANGELO BRADLEY 142667 (DEVELOPER $1000.99)
			MARIA BARTLETT 518967 (DEVELOPER $1000.99)
			KELLY SHERMAN 807013 (QA TESTER $500)
			EARLE BAKER 740066 (DEVELOPER $1000.99)
ARON LEE
Employee ID: 101776
Role: MANAGER
Department: CEO
Total Allocation Cost: $39524.75
20160512 11:43:14 [INFO] Cost Allocation lookup started for employee id: 101776
20160512 11:43:14 [INFO] LOG_RETENTION set to max 20 logs in config.
20160512 11:43:14 [INFO] Data retrieved from database successful.
ARON LEE 101776 (MANAGER $0)
	HUEY ADAMS 805447 (MANAGER $0)
		RALPH WOODS 654321 (MANAGER $0)
			JOSE JONES 506139 (QA TESTER $500)
			ODIS STUART 616994 (DEVELOPER $1000.99)
			NED HARRIS 101545 (QA TESTER $500)
			LENNY CAMPBELL 148548 (DEVELOPER $1000.99)
			WILEY MYERS 602650 (DEVELOPER $1000.99)
			CARROL SPENCER 757664 (QA TESTER $500)
			DELMER MORRIS 943481 (DEVELOPER $1000.99)
			LEIGH KNIGHT 225342 (QA TESTER $500)
			TERRENCE MARTIN 095695 (DEVELOPER $1000.99)
	EMERY OSBORNE 539310 (MANAGER $0)
		HANS ELLIOTT 152341 (MANAGER $0)
			THEODORE POTTER 853680 (DEVELOPER $1000.99)
			MARIA BARTLETT 518967 (DEVELOPER $1000.99)
			MARCELINO GILBERT 443311 (QA TESTER $500)
			ANGELO BRADLEY 142667 (DEVELOPER $1000.99)
			KELLY SHERMAN 807013 (QA TESTER $500)
			TROY PETERSON 860910 (QA TESTER $500)
			EARLE BAKER 740066 (DEVELOPER $1000.99)
			VALENTIN OWEN 537385 (DEVELOPER $1000.99)
			KIRBY HOLT 564397 (DEVELOPER $1000.99)
	TOMMIE MONTGOMERY 463995 (MANAGER $0)
		WINFRED BALL 402233 (MANAGER $0)
			LINCOLN WILCOX 563718 (DEVELOPER $1000.99)
			DELMAR OLIVER 503583 (QA TESTER $500)
			LINCOLN HALL 889660 (QA TESTER $500)
			ELDON STAFFORD 521389 (DEVELOPER $1000.99)
			PATRICIA PHELPS 302294 (DEVELOPER $1000.99)
			BRETT LINCOLN 447827 (QA TESTER $500)
			ODIS HILL 329408 (DEVELOPER $1000.99)
			DEL WELLS 950525 (DEVELOPER $1000.99)
			BERT SPARKS 657053 (QA TESTER $500)
	RODNEY HUGHES 351254 (MANAGER $0)
		HOSEA COOK 935616 (MANAGER $0)
			ALEX COLEMAN 158317 (DEVELOPER $1000.99)
			HUGH CUMMINGS 654645 (QA TESTER $500)
			JOHN SIMMONS 179338 (DEVELOPER $1000.99)
			COLE HUBBARD 892795 (QA TESTER $500)
			BARNEY CUNNINGHAM 708568 (QA TESTER $500)
			CLINTON KING 841872 (QA TESTER $500)
			TONY SNYDER 561950 (QA TESTER $500)
			DIRK TUCKER 310492 (DEVELOPER $1000.99)
			ALEJANDRO HARPER 791837 (QA TESTER $500)
	STACEY HICKS 948472 (MANAGER $0)
		JARRETT LITTLE 876481 (MANAGER $0)
			ARNULFO JOHNSTON 778033 (QA TESTER $500)
			IRWIN WHITE 005804 (QA TESTER $500)
			JEREMIAH WOODS 601311 (QA TESTER $500)
			OMAR ROBERTSON 040302 (QA TESTER $500)
			ROSCOE WELLS 126855 (QA TESTER $500)
			LON HOLLAND 609143 (QA TESTER $500)
			MICHEL LEONARD 242394 (DEVELOPER $1000.99)
			BARTON DUNN 886288 (QA TESTER $500)
			JERRY JOHNSON 786660 (QA TESTER $500)
	CHESTER SHAW 326764 (MANAGER $0)
		BRYCE STAFFORD 926260 (MANAGER $0)
			LAMAR HOWE 645819 (DEVELOPER $1000.99)
			ENRIQUE WATKINS 348713 (DEVELOPER $1000.99)
			GARRY BOONE 690528 (DEVELOPER $1000.99)
			HARRISON BERRY 309633 (QA TESTER $500)
			AHMAD GEORGE 274652 (QA TESTER $500)
			GROVER WARNER 519413 (DEVELOPER $1000.99)
			CECIL BARTON 573634 (QA TESTER $500)
			TREY BRADLEY 258165 (QA TESTER $500)
			ELOY HUNT 897302 (DEVELOPER $1000.99)
ARON LEE
Employee ID: 101776
Role: MANAGER
Department: CEO
Total Allocation Cost: $39524.75
20160512 11:45:03 [INFO] Cost Allocation lookup started for employee id: 101776
20160512 11:45:03 [INFO] LOG_RETENTION set to max 20 logs in config.
20160512 11:45:03 [INFO] RUN_SQL is currently disabled in config. Attempting to run allocation cost from provided file.
ARON LEE 101776 (MANAGER $0)
	TOMMIE MONTGOMERY 463995 (MANAGER $0)
		WINFRED BALL 402233 (MANAGER $0)
			ELDON STAFFORD 521389 (DEVELOPER $1000.99)
			BERT SPARKS 657053 (QA TESTER $500)
			DELMAR OLIVER 503583 (QA TESTER $500)
			DEL WELLS 950525 (DEVELOPER $1000.99)
			LINCOLN WILCOX 563718 (DEVELOPER $1000.99)
			BRETT LINCOLN 447827 (QA TESTER $500)
			PATRICIA PHELPS 302294 (DEVELOPER $1000.99)
			ODIS HILL 329408 (DEVELOPER $1000.99)
			LINCOLN HALL 889660 (QA TESTER $500)
	STACEY HICKS 948472 (MANAGER $0)
		JARRETT LITTLE 876481 (MANAGER $0)
			ROSCOE WELLS 126855 (QA TESTER $500)
			OMAR ROBERTSON 040302 (QA TESTER $500)
			IRWIN WHITE 005804 (QA TESTER $500)
			LON HOLLAND 609143 (QA TESTER $500)
			BARTON DUNN 886288 (QA TESTER $500)
			JERRY JOHNSON 786660 (QA TESTER $500)
			ARNULFO JOHNSTON 778033 (QA TESTER $500)
			MICHEL LEONARD 242394 (DEVELOPER $1000.99)
			JEREMIAH WOODS 601311 (QA TESTER $500)
	HUEY ADAMS 805447 (MANAGER $0)
		RALPH WOODS 654321 (MANAGER $0)
			ODIS STUART 616994 (DEVELOPER $1000.99)
			CARROL SPENCER 757664 (QA TESTER $500)
			JOSE JONES 506139 (QA TESTER $500)
			TERRENCE MARTIN 095695 (DEVELOPER $1000.99)
			NED HARRIS 101545 (QA TESTER $500)
			DELMER MORRIS 943481 (DEVELOPER $1000.99)
			WILEY MYERS 602650 (DEVELOPER $1000.99)
			LEIGH KNIGHT 225342 (QA TESTER $500)
			LENNY CAMPBELL 148548 (DEVELOPER $1000.99)
	CHESTER SHAW 326764 (MANAGER $0)
		BRYCE STAFFORD 926260 (MANAGER $0)
			GARRY BOONE 690528 (DEVELOPER $1000.99)
			ELOY HUNT 897302 (DEVELOPER $1000.99)
			TREY BRADLEY 258165 (QA TESTER $500)
			CECIL BARTON 573634 (QA TESTER $500)
			HARRISON BERRY 309633 (QA TESTER $500)
			LAMAR HOWE 645819 (DEVELOPER $1000.99)
			ENRIQUE WATKINS 348713 (DEVELOPER $1000.99)
			GROVER WARNER 519413 (DEVELOPER $1000.99)
			AHMAD GEORGE 274652 (QA TESTER $500)
	RODNEY HUGHES 351254 (MANAGER $0)
		HOSEA COOK 935616 (MANAGER $0)
			JOHN SIMMONS 179338 (CONTRACTOR $400)
			DIRK TUCKER 310492 (DEVELOPER $1000.99)
			CLINTON KING 841872 (QA TESTER $500)
			BARNEY CUNNINGHAM 708568 (QA TESTER $500)
			ALEX COLEMAN 158317 (DEVELOPER $1000.99)
			ALEJANDRO HARPER 791837 (QA TESTER $500)
			COLE HUBBARD 892795 (QA TESTER $500)
			HUGH CUMMINGS 654645 (QA TESTER $500)
			TONY SNYDER 561950 (QA TESTER $500)
	EMERY OSBORNE 539310 (MANAGER $0)
		HANS ELLIOTT 152341 (MANAGER $0)
			ANGELO BRADLEY 142667 (DEVELOPER $1000.99)
			VALENTIN OWEN 537385 (DEVELOPER $1000.99)
			KIRBY HOLT 564397 (DEVELOPER $1000.99)
			MARCELINO GILBERT 443311 (QA TESTER $500)
			TROY PETERSON 860910 (QA TESTER $500)
			KELLY SHERMAN 807013 (QA TESTER $500)
			EARLE BAKER 740066 (DEVELOPER $1000.99)
			THEODORE POTTER 853680 (DEVELOPER $1000.99)
			MARIA BARTLETT 518967 (DEVELOPER $1000.99)
ARON LEE
Employee ID: 101776
Role: MANAGER
Department: CEO
Total Allocation Cost: $38923.76
20160512 11:45:19 [INFO] Cost Allocation lookup started for employee id: 101776
20160512 11:45:19 [INFO] LOG_RETENTION set to max 20 logs in config.
20160512 11:45:19 [INFO] RUN_SQL is currently disabled in config. Attempting to run allocation cost from provided file.
ARON LEE 101776 (MANAGER $0)
	CHESTER SHAW 326764 (MANAGER $0)
		BRYCE STAFFORD 926260 (MANAGER $0)
			ELOY HUNT 897302 (DEVELOPER $1000.99)
			TREY BRADLEY 258165 (QA TESTER $500)
			AHMAD GEORGE 274652 (QA TESTER $500)
			GROVER WARNER 519413 (DEVELOPER $1000.99)
			HARRISON BERRY 309633 (QA TESTER $500)
			ENRIQUE WATKINS 348713 (DEVELOPER $1000.99)
			CECIL BARTON 573634 (QA TESTER $500)
			GARRY BOONE 690528 (DEVELOPER $1000.99)
			LAMAR HOWE 645819 (DEVELOPER $1000.99)
	HUEY ADAMS 805447 (MANAGER $0)
		RALPH WOODS 654321 (MANAGER $0)
			NED HARRIS 101545 (QA TESTER $500)
			TERRENCE MARTIN 095695 (DEVELOPER $1000.99)
			CARROL SPENCER 757664 (QA TESTER $500)
			LENNY CAMPBELL 148548 (DEVELOPER $1000.99)
			DELMER MORRIS 943481 (DEVELOPER $1000.99)
			LEIGH KNIGHT 225342 (QA TESTER $500)
			JOSE JONES 506139 (QA TESTER $500)
			ODIS STUART 616994 (DEVELOPER $1000.99)
			WILEY MYERS 602650 (DEVELOPER $1000.99)
	STACEY HICKS 948472 (MANAGER $0)
		JARRETT LITTLE 876481 (MANAGER $0)
			IRWIN WHITE 005804 (QA TESTER $500)
			JEREMIAH WOODS 601311 (QA TESTER $500)
			LON HOLLAND 609143 (QA TESTER $500)
			MICHEL LEONARD 242394 (DEVELOPER $1000.99)
			ROSCOE WELLS 126855 (QA TESTER $500)
			BARTON DUNN 886288 (QA TESTER $500)
			ARNULFO JOHNSTON 778033 (QA TESTER $500)
			OMAR ROBERTSON 040302 (QA TESTER $500)
			JERRY JOHNSON 786660 (QA TESTER $500)
	TOMMIE MONTGOMERY 463995 (MANAGER $0)
		WINFRED BALL 402233 (MANAGER $0)
			PATRICIA PHELPS 302294 (DEVELOPER $1000.99)
			LINCOLN WILCOX 563718 (DEVELOPER $1000.99)
			DEL WELLS 950525 (DEVELOPER $1000.99)
			BERT SPARKS 657053 (QA TESTER $500)
			DELMAR OLIVER 503583 (QA TESTER $500)
			LINCOLN HALL 889660 (QA TESTER $500)
			BRETT LINCOLN 447827 (QA TESTER $500)
			ELDON STAFFORD 521389 (DEVELOPER $1000.99)
			ODIS HILL 329408 (DEVELOPER $1000.99)
	RODNEY HUGHES 351254 (MANAGER $0)
		HOSEA COOK 935616 (MANAGER $0)
			HUGH CUMMINGS 654645 (QA TESTER $500)
			ALEJANDRO HARPER 791837 (QA TESTER $500)
			DIRK TUCKER 310492 (DEVELOPER $1000.99)
			JOHN SIMMONS 179338 (CONTRACTOR $)
			CLINTON KING 841872 (QA TESTER $500)
			BARNEY CUNNINGHAM 708568 (QA TESTER $500)
			TONY SNYDER 561950 (QA TESTER $500)
			ALEX COLEMAN 158317 (DEVELOPER $1000.99)
			COLE HUBBARD 892795 (QA TESTER $500)
	EMERY OSBORNE 539310 (MANAGER $0)
		HANS ELLIOTT 152341 (MANAGER $0)
			MARCELINO GILBERT 443311 (QA TESTER $500)
			ANGELO BRADLEY 142667 (DEVELOPER $1000.99)
			VALENTIN OWEN 537385 (DEVELOPER $1000.99)
			MARIA BARTLETT 518967 (DEVELOPER $1000.99)
			KIRBY HOLT 564397 (DEVELOPER $1000.99)
			THEODORE POTTER 853680 (DEVELOPER $1000.99)
			KELLY SHERMAN 807013 (QA TESTER $500)
			EARLE BAKER 740066 (DEVELOPER $1000.99)
			TROY PETERSON 860910 (QA TESTER $500)
ARON LEE
Employee ID: 101776
Role: MANAGER
Department: CEO
Total Allocation Cost: $38523.76
20160512 11:48:29 [INFO] Cost Allocation lookup started for employee id: 101776
20160512 11:48:29 [INFO] LOG_RETENTION set to max 20 logs in config.
20160512 11:48:29 [INFO] RUN_SQL is currently disabled in config. Attempting to run allocation cost from provided file.
ARON LEE 101776 (MANAGER $0)
20160512 11:48:29 [ERROR] The role MANAGER does not exist in cost_allocation.cfg. All roles must be accounted for. Please add this role.
	CHESTER SHAW 326764 (MANAGER $)
20160512 11:48:29 [ERROR] The role MANAGER does not exist in cost_allocation.cfg. All roles must be accounted for. Please add this role.
		BRYCE STAFFORD 926260 (MANAGER $)
			GROVER WARNER 519413 (DEVELOPER $1000.99)
			GARRY BOONE 690528 (DEVELOPER $1000.99)
			ELOY HUNT 897302 (DEVELOPER $1000.99)
			AHMAD GEORGE 274652 (QA TESTER $500)
			CECIL BARTON 573634 (QA TESTER $500)
			TREY BRADLEY 258165 (QA TESTER $500)
			LAMAR HOWE 645819 (DEVELOPER $1000.99)
			ENRIQUE WATKINS 348713 (DEVELOPER $1000.99)
			HARRISON BERRY 309633 (QA TESTER $500)
20160512 11:48:29 [ERROR] The role MANAGER does not exist in cost_allocation.cfg. All roles must be accounted for. Please add this role.
	RODNEY HUGHES 351254 (MANAGER $)
20160512 11:48:29 [ERROR] The role MANAGER does not exist in cost_allocation.cfg. All roles must be accounted for. Please add this role.
		HOSEA COOK 935616 (MANAGER $)
20160512 11:48:29 [ERROR] The role CONTRACTOR does not exist in cost_allocation.cfg. All roles must be accounted for. Please add this role.
			JOHN SIMMONS 179338 (CONTRACTOR $)
			ALEX COLEMAN 158317 (DEVELOPER $1000.99)
			BARNEY CUNNINGHAM 708568 (QA TESTER $500)
			DIRK TUCKER 310492 (DEVELOPER $1000.99)
			COLE HUBBARD 892795 (QA TESTER $500)
			TONY SNYDER 561950 (QA TESTER $500)
			HUGH CUMMINGS 654645 (QA TESTER $500)
			CLINTON KING 841872 (QA TESTER $500)
			ALEJANDRO HARPER 791837 (QA TESTER $500)
20160512 11:48:29 [ERROR] The role MANAGER does not exist in cost_allocation.cfg. All roles must be accounted for. Please add this role.
	TOMMIE MONTGOMERY 463995 (MANAGER $)
20160512 11:48:29 [ERROR] The role MANAGER does not exist in cost_allocation.cfg. All roles must be accounted for. Please add this role.
		WINFRED BALL 402233 (MANAGER $)
			LINCOLN HALL 889660 (QA TESTER $500)
			BERT SPARKS 657053 (QA TESTER $500)
			BRETT LINCOLN 447827 (QA TESTER $500)
			PATRICIA PHELPS 302294 (DEVELOPER $1000.99)
			LINCOLN WILCOX 563718 (DEVELOPER $1000.99)
			ODIS HILL 329408 (DEVELOPER $1000.99)
			DEL WELLS 950525 (DEVELOPER $1000.99)
			ELDON STAFFORD 521389 (DEVELOPER $1000.99)
			DELMAR OLIVER 503583 (QA TESTER $500)
20160512 11:48:29 [ERROR] The role MANAGER does not exist in cost_allocation.cfg. All roles must be accounted for. Please add this role.
	STACEY HICKS 948472 (MANAGER $)
20160512 11:48:29 [ERROR] The role MANAGER does not exist in cost_allocation.cfg. All roles must be accounted for. Please add this role.
		JARRETT LITTLE 876481 (MANAGER $)
			ARNULFO JOHNSTON 778033 (QA TESTER $500)
			BARTON DUNN 886288 (QA TESTER $500)
			JERRY JOHNSON 786660 (QA TESTER $500)
			LON HOLLAND 609143 (QA TESTER $500)
			IRWIN WHITE 005804 (QA TESTER $500)
			JEREMIAH WOODS 601311 (QA TESTER $500)
			OMAR ROBERTSON 040302 (QA TESTER $500)
			ROSCOE WELLS 126855 (QA TESTER $500)
			MICHEL LEONARD 242394 (DEVELOPER $1000.99)
20160512 11:48:29 [ERROR] The role MANAGER does not exist in cost_allocation.cfg. All roles must be accounted for. Please add this role.
	EMERY OSBORNE 539310 (MANAGER $)
20160512 11:48:29 [ERROR] The role MANAGER does not exist in cost_allocation.cfg. All roles must be accounted for. Please add this role.
		HANS ELLIOTT 152341 (MANAGER $)
			MARCELINO GILBERT 443311 (QA TESTER $500)
			VALENTIN OWEN 537385 (DEVELOPER $1000.99)
			ANGELO BRADLEY 142667 (DEVELOPER $1000.99)
			KELLY SHERMAN 807013 (QA TESTER $500)
			KIRBY HOLT 564397 (DEVELOPER $1000.99)
			THEODORE POTTER 853680 (DEVELOPER $1000.99)
			TROY PETERSON 860910 (QA TESTER $500)
			MARIA BARTLETT 518967 (DEVELOPER $1000.99)
			EARLE BAKER 740066 (DEVELOPER $1000.99)
20160512 11:48:29 [ERROR] The role MANAGER does not exist in cost_allocation.cfg. All roles must be accounted for. Please add this role.
	HUEY ADAMS 805447 (MANAGER $)
20160512 11:48:29 [ERROR] The role MANAGER does not exist in cost_allocation.cfg. All roles must be accounted for. Please add this role.
		RALPH WOODS 654321 (MANAGER $)
			LENNY CAMPBELL 148548 (DEVELOPER $1000.99)
			ODIS STUART 616994 (DEVELOPER $1000.99)
			JOSE JONES 506139 (QA TESTER $500)
			TERRENCE MARTIN 095695 (DEVELOPER $1000.99)
			LEIGH KNIGHT 225342 (QA TESTER $500)
			NED HARRIS 101545 (QA TESTER $500)
			WILEY MYERS 602650 (DEVELOPER $1000.99)
			CARROL SPENCER 757664 (QA TESTER $500)
			DELMER MORRIS 943481 (DEVELOPER $1000.99)
ARON LEE
Employee ID: 101776
Role: MANAGER
Department: CEO
Total Allocation Cost: $38523.76
20160512 11:48:46 [INFO] Cost Allocation lookup started for employee id: 101776
20160512 11:48:46 [INFO] LOG_RETENTION set to max 20 logs in config.
20160512 11:48:46 [INFO] RUN_SQL is currently disabled in config. Attempting to run allocation cost from provided file.
ARON LEE 101776 (MANAGER $0)
20160512 11:48:46 [ERROR] The role MANAGER does not exist in cost_allocation.cfg. All roles must be accounted for. Please add this role.
	STACEY HICKS 948472 (MANAGER $)
20160512 11:48:46 [ERROR] The role MANAGER does not exist in cost_allocation.cfg. All roles must be accounted for. Please add this role.
		JARRETT LITTLE 876481 (MANAGER $)
			ROSCOE WELLS 126855 (QA TESTER $500)
			OMAR ROBERTSON 040302 (QA TESTER $500)
			BARTON DUNN 886288 (QA TESTER $500)
			JERRY JOHNSON 786660 (QA TESTER $500)
			IRWIN WHITE 005804 (QA TESTER $500)
			ARNULFO JOHNSTON 778033 (QA TESTER $500)
			LON HOLLAND 609143 (QA TESTER $500)
			JEREMIAH WOODS 601311 (QA TESTER $500)
			MICHEL LEONARD 242394 (DEVELOPER $1000.99)
20160512 11:48:46 [ERROR] The role MANAGER does not exist in cost_allocation.cfg. All roles must be accounted for. Please add this role.
	CHESTER SHAW 326764 (MANAGER $)
20160512 11:48:46 [ERROR] The role MANAGER does not exist in cost_allocation.cfg. All roles must be accounted for. Please add this role.
		BRYCE STAFFORD 926260 (MANAGER $)
			LAMAR HOWE 645819 (DEVELOPER $1000.99)
			CECIL BARTON 573634 (QA TESTER $500)
			HARRISON BERRY 309633 (QA TESTER $500)
			TREY BRADLEY 258165 (QA TESTER $500)
			ELOY HUNT 897302 (DEVELOPER $1000.99)
			ENRIQUE WATKINS 348713 (DEVELOPER $1000.99)
			GARRY BOONE 690528 (DEVELOPER $1000.99)
			GROVER WARNER 519413 (DEVELOPER $1000.99)
			AHMAD GEORGE 274652 (QA TESTER $500)
20160512 11:48:46 [ERROR] The role MANAGER does not exist in cost_allocation.cfg. All roles must be accounted for. Please add this role.
	HUEY ADAMS 805447 (MANAGER $)
20160512 11:48:46 [ERROR] The role MANAGER does not exist in cost_allocation.cfg. All roles must be accounted for. Please add this role.
		RALPH WOODS 654321 (MANAGER $)
			WILEY MYERS 602650 (DEVELOPER $1000.99)
			LEIGH KNIGHT 225342 (QA TESTER $500)
			DELMER MORRIS 943481 (DEVELOPER $1000.99)
			LENNY CAMPBELL 148548 (DEVELOPER $1000.99)
			NED HARRIS 101545 (QA TESTER $500)
			TERRENCE MARTIN 095695 (DEVELOPER $1000.99)
			ODIS STUART 616994 (DEVELOPER $1000.99)
			CARROL SPENCER 757664 (QA TESTER $500)
			JOSE JONES 506139 (QA TESTER $500)
20160512 11:48:46 [ERROR] The role MANAGER does not exist in cost_allocation.cfg. All roles must be accounted for. Please add this role.
	EMERY OSBORNE 539310 (MANAGER $)
20160512 11:48:46 [ERROR] The role MANAGER does not exist in cost_allocation.cfg. All roles must be accounted for. Please add this role.
		HANS ELLIOTT 152341 (MANAGER $)
			ANGELO BRADLEY 142667 (DEVELOPER $1000.99)
			MARIA BARTLETT 518967 (DEVELOPER $1000.99)
			THEODORE POTTER 853680 (DEVELOPER $1000.99)
			VALENTIN OWEN 537385 (DEVELOPER $1000.99)
			TROY PETERSON 860910 (QA TESTER $500)
			KELLY SHERMAN 807013 (QA TESTER $500)
			EARLE BAKER 740066 (DEVELOPER $1000.99)
			KIRBY HOLT 564397 (DEVELOPER $1000.99)
			MARCELINO GILBERT 443311 (QA TESTER $500)
20160512 11:48:46 [ERROR] The role MANAGER does not exist in cost_allocation.cfg. All roles must be accounted for. Please add this role.
	TOMMIE MONTGOMERY 463995 (MANAGER $)
20160512 11:48:46 [ERROR] The role MANAGER does not exist in cost_allocation.cfg. All roles must be accounted for. Please add this role.
		WINFRED BALL 402233 (MANAGER $)
			DELMAR OLIVER 503583 (QA TESTER $500)
			LINCOLN WILCOX 563718 (DEVELOPER $1000.99)
			LINCOLN HALL 889660 (QA TESTER $500)
			ELDON STAFFORD 521389 (DEVELOPER $1000.99)
			BERT SPARKS 657053 (QA TESTER $500)
			PATRICIA PHELPS 302294 (DEVELOPER $1000.99)
			DEL WELLS 950525 (DEVELOPER $1000.99)
			ODIS HILL 329408 (DEVELOPER $1000.99)
			BRETT LINCOLN 447827 (QA TESTER $500)
20160512 11:48:46 [ERROR] The role MANAGER does not exist in cost_allocation.cfg. All roles must be accounted for. Please add this role.
	RODNEY HUGHES 351254 (MANAGER $)
20160512 11:48:46 [ERROR] The role MANAGER does not exist in cost_allocation.cfg. All roles must be accounted for. Please add this role.
		HOSEA COOK 935616 (MANAGER $)
			COLE HUBBARD 892795 (QA TESTER $500)
			ALEX COLEMAN 158317 (DEVELOPER $1000.99)
			HUGH CUMMINGS 654645 (QA TESTER $500)
			CLINTON KING 841872 (QA TESTER $500)
			DIRK TUCKER 310492 (DEVELOPER $1000.99)
20160512 11:48:46 [ERROR] The role CONTRACTOR does not exist in cost_allocation.cfg. All roles must be accounted for. Please add this role.
			JOHN SIMMONS 179338 (CONTRACTOR $)
			ALEJANDRO HARPER 791837 (QA TESTER $500)
			TONY SNYDER 561950 (QA TESTER $500)
			BARNEY CUNNINGHAM 708568 (QA TESTER $500)
ARON LEE
Employee ID: 101776
Role: MANAGER
Department: CEO
Total Allocation Cost: $38523.76
20160512 11:53:48 [INFO] Cost Allocation lookup started for employee id: 101776
20160512 11:53:48 [INFO] LOG_RETENTION set to max 20 logs in config.
20160512 11:53:48 [INFO] RUN_SQL is currently disabled in config. Attempting to run allocation cost from provided file.
ARON LEE 101776 (MANAGER $0)
20160512 11:53:48 [ERROR] The role (MANAGER) does not exist in the cost_allocation.cfg. All roles must be accounted for. Please account for this role.

	HUEY ADAMS 805447 (MANAGER $0)
20160512 11:53:48 [ERROR] The role (MANAGER) does not exist in the cost_allocation.cfg. All roles must be accounted for. Please account for this role.

		RALPH WOODS 654321 (MANAGER $0)
			DELMER MORRIS 943481 (DEVELOPER $1000.99)
			NED HARRIS 101545 (QA TESTER $500)
			LEIGH KNIGHT 225342 (QA TESTER $500)
			TERRENCE MARTIN 095695 (DEVELOPER $1000.99)
			CARROL SPENCER 757664 (QA TESTER $500)
			ODIS STUART 616994 (DEVELOPER $1000.99)
			LENNY CAMPBELL 148548 (DEVELOPER $1000.99)
			JOSE JONES 506139 (QA TESTER $500)
			WILEY MYERS 602650 (DEVELOPER $1000.99)
20160512 11:53:48 [ERROR] The role (MANAGER) does not exist in the cost_allocation.cfg. All roles must be accounted for. Please account for this role.

	TOMMIE MONTGOMERY 463995 (MANAGER $0)
20160512 11:53:48 [ERROR] The role (MANAGER) does not exist in the cost_allocation.cfg. All roles must be accounted for. Please account for this role.

		WINFRED BALL 402233 (MANAGER $0)
			PATRICIA PHELPS 302294 (DEVELOPER $1000.99)
			BRETT LINCOLN 447827 (QA TESTER $500)
			LINCOLN HALL 889660 (QA TESTER $500)
			LINCOLN WILCOX 563718 (DEVELOPER $1000.99)
			ODIS HILL 329408 (DEVELOPER $1000.99)
			DELMAR OLIVER 503583 (QA TESTER $500)
			BERT SPARKS 657053 (QA TESTER $500)
			ELDON STAFFORD 521389 (DEVELOPER $1000.99)
			DEL WELLS 950525 (DEVELOPER $1000.99)
20160512 11:53:48 [ERROR] The role (MANAGER) does not exist in the cost_allocation.cfg. All roles must be accounted for. Please account for this role.

	EMERY OSBORNE 539310 (MANAGER $0)
20160512 11:53:48 [ERROR] The role (MANAGER) does not exist in the cost_allocation.cfg. All roles must be accounted for. Please account for this role.

		HANS ELLIOTT 152341 (MANAGER $0)
			TROY PETERSON 860910 (QA TESTER $500)
			EARLE BAKER 740066 (DEVELOPER $1000.99)
			ANGELO BRADLEY 142667 (DEVELOPER $1000.99)
			MARCELINO GILBERT 443311 (QA TESTER $500)
			THEODORE POTTER 853680 (DEVELOPER $1000.99)
			KELLY SHERMAN 807013 (QA TESTER $500)
			MARIA BARTLETT 518967 (DEVELOPER $1000.99)
			VALENTIN OWEN 537385 (DEVELOPER $1000.99)
			KIRBY HOLT 564397 (DEVELOPER $1000.99)
20160512 11:53:48 [ERROR] The role (MANAGER) does not exist in the cost_allocation.cfg. All roles must be accounted for. Please account for this role.

	STACEY HICKS 948472 (MANAGER $0)
20160512 11:53:48 [ERROR] The role (MANAGER) does not exist in the cost_allocation.cfg. All roles must be accounted for. Please account for this role.

		JARRETT LITTLE 876481 (MANAGER $0)
			JERRY JOHNSON 786660 (QA TESTER $500)
			OMAR ROBERTSON 040302 (QA TESTER $500)
			ARNULFO JOHNSTON 778033 (QA TESTER $500)
			BARTON DUNN 886288 (QA TESTER $500)
			LON HOLLAND 609143 (QA TESTER $500)
			IRWIN WHITE 005804 (QA TESTER $500)
			JEREMIAH WOODS 601311 (QA TESTER $500)
			ROSCOE WELLS 126855 (QA TESTER $500)
			MICHEL LEONARD 242394 (DEVELOPER $1000.99)
20160512 11:53:48 [ERROR] The role (MANAGER) does not exist in the cost_allocation.cfg. All roles must be accounted for. Please account for this role.

	CHESTER SHAW 326764 (MANAGER $0)
20160512 11:53:48 [ERROR] The role (MANAGER) does not exist in the cost_allocation.cfg. All roles must be accounted for. Please account for this role.

		BRYCE STAFFORD 926260 (MANAGER $0)
			TREY BRADLEY 258165 (QA TESTER $500)
			AHMAD GEORGE 274652 (QA TESTER $500)
			GARRY BOONE 690528 (DEVELOPER $1000.99)
			LAMAR HOWE 645819 (DEVELOPER $1000.99)
			HARRISON BERRY 309633 (QA TESTER $500)
			CECIL BARTON 573634 (QA TESTER $500)
			ELOY HUNT 897302 (DEVELOPER $1000.99)
			GROVER WARNER 519413 (DEVELOPER $1000.99)
			ENRIQUE WATKINS 348713 (DEVELOPER $1000.99)
20160512 11:53:48 [ERROR] The role (MANAGER) does not exist in the cost_allocation.cfg. All roles must be accounted for. Please account for this role.

	RODNEY HUGHES 351254 (MANAGER $0)
20160512 11:53:48 [ERROR] The role (MANAGER) does not exist in the cost_allocation.cfg. All roles must be accounted for. Please account for this role.

		HOSEA COOK 935616 (MANAGER $0)
			CLINTON KING 841872 (QA TESTER $500)
			BARNEY CUNNINGHAM 708568 (QA TESTER $500)
			COLE HUBBARD 892795 (QA TESTER $500)
			DIRK TUCKER 310492 (DEVELOPER $1000.99)
20160512 11:53:48 [ERROR] The role (CONTRACTOR) does not exist in the cost_allocation.cfg. All roles must be accounted for. Please account for this role.

			JOHN SIMMONS 179338 (CONTRACTOR $)
			ALEJANDRO HARPER 791837 (QA TESTER $500)
			TONY SNYDER 561950 (QA TESTER $500)
			ALEX COLEMAN 158317 (DEVELOPER $1000.99)
			HUGH CUMMINGS 654645 (QA TESTER $500)
ARON LEE
Employee ID: 101776
Role: MANAGER
Department: CEO
Total Allocation Cost: $38523.76
20160512 11:55:39 [INFO] Cost Allocation lookup started for employee id: 101776
20160512 11:55:39 [INFO] LOG_RETENTION set to max 20 logs in config.
20160512 11:55:39 [INFO] RUN_SQL is currently disabled in config. Attempting to run allocation cost from provided file.
ARON LEE 101776 (MANAGER $0)
20160512 11:55:39 [ERROR] The role (MANAGER) does not exist in the cost_allocation.cfg. All roles must be accounted for. Please account for this role

20160512 11:56:46 [INFO] Cost Allocation lookup started for employee id: 101776
20160512 11:56:46 [INFO] LOG_RETENTION set to max 20 logs in config.
20160512 11:56:46 [INFO] RUN_SQL is currently disabled in config. Attempting to run allocation cost from provided file.
ARON LEE 101776 (MANAGER $1)
	CHESTER SHAW 326764 (MANAGER $1)
		BRYCE STAFFORD 926260 (MANAGER $1)
			GARRY BOONE 690528 (DEVELOPER $1000.99)
			CECIL BARTON 573634 (QA TESTER $500)
			ELOY HUNT 897302 (DEVELOPER $1000.99)
			ENRIQUE WATKINS 348713 (DEVELOPER $1000.99)
			HARRISON BERRY 309633 (QA TESTER $500)
			GROVER WARNER 519413 (DEVELOPER $1000.99)
			LAMAR HOWE 645819 (DEVELOPER $1000.99)
			AHMAD GEORGE 274652 (QA TESTER $500)
			TREY BRADLEY 258165 (QA TESTER $500)
	TOMMIE MONTGOMERY 463995 (MANAGER $1)
		WINFRED BALL 402233 (MANAGER $1)
			LINCOLN WILCOX 563718 (DEVELOPER $1000.99)
			ELDON STAFFORD 521389 (DEVELOPER $1000.99)
			BERT SPARKS 657053 (QA TESTER $500)
			ODIS HILL 329408 (DEVELOPER $1000.99)
			LINCOLN HALL 889660 (QA TESTER $500)
			DEL WELLS 950525 (DEVELOPER $1000.99)
			BRETT LINCOLN 447827 (QA TESTER $500)
			PATRICIA PHELPS 302294 (DEVELOPER $1000.99)
			DELMAR OLIVER 503583 (QA TESTER $500)
	HUEY ADAMS 805447 (MANAGER $1)
		RALPH WOODS 654321 (MANAGER $1)
			ODIS STUART 616994 (DEVELOPER $1000.99)
			LEIGH KNIGHT 225342 (QA TESTER $500)
			DELMER MORRIS 943481 (DEVELOPER $1000.99)
			CARROL SPENCER 757664 (QA TESTER $500)
			NED HARRIS 101545 (QA TESTER $500)
			WILEY MYERS 602650 (DEVELOPER $1000.99)
			TERRENCE MARTIN 095695 (DEVELOPER $1000.99)
			LENNY CAMPBELL 148548 (DEVELOPER $1000.99)
			JOSE JONES 506139 (QA TESTER $500)
	EMERY OSBORNE 539310 (MANAGER $1)
		HANS ELLIOTT 152341 (MANAGER $1)
			TROY PETERSON 860910 (QA TESTER $500)
			KIRBY HOLT 564397 (DEVELOPER $1000.99)
			EARLE BAKER 740066 (DEVELOPER $1000.99)
			THEODORE POTTER 853680 (DEVELOPER $1000.99)
			KELLY SHERMAN 807013 (QA TESTER $500)
			MARIA BARTLETT 518967 (DEVELOPER $1000.99)
			MARCELINO GILBERT 443311 (QA TESTER $500)
			ANGELO BRADLEY 142667 (DEVELOPER $1000.99)
			VALENTIN OWEN 537385 (DEVELOPER $1000.99)
	STACEY HICKS 948472 (MANAGER $1)
		JARRETT LITTLE 876481 (MANAGER $1)
			IRWIN WHITE 005804 (QA TESTER $500)
			ROSCOE WELLS 126855 (QA TESTER $500)
			JEREMIAH WOODS 601311 (QA TESTER $500)
			LON HOLLAND 609143 (QA TESTER $500)
			ARNULFO JOHNSTON 778033 (QA TESTER $500)
			BARTON DUNN 886288 (QA TESTER $500)
			OMAR ROBERTSON 040302 (QA TESTER $500)
			MICHEL LEONARD 242394 (DEVELOPER $1000.99)
			JERRY JOHNSON 786660 (QA TESTER $500)
	RODNEY HUGHES 351254 (MANAGER $1)
		HOSEA COOK 935616 (MANAGER $1)
20160512 11:56:47 [ERROR] The role (CONTRACTOR) does not exist in the cost_allocation.cfg. All roles must be accounted for. Please account for this role

20160512 11:57:39 [INFO] Cost Allocation lookup started for employee id: 101776
20160512 11:57:39 [INFO] LOG_RETENTION set to max 20 logs in config.
20160512 11:57:39 [INFO] RUN_SQL is currently disabled in config. Attempting to run allocation cost from provided file.
ARON LEE 101776 (MANAGER $0)
	RODNEY HUGHES 351254 (MANAGER $0)
		HOSEA COOK 935616 (MANAGER $0)
			ALEJANDRO HARPER 791837 (QA TESTER $500)
			ALEX COLEMAN 158317 (DEVELOPER $1000.99)
			DIRK TUCKER 310492 (DEVELOPER $1000.99)
			COLE HUBBARD 892795 (QA TESTER $500)
			CLINTON KING 841872 (QA TESTER $500)
20160512 11:57:39 [ERROR] The role (CONTRACTOR) does not exist in the cost_allocation.cfg. All roles must be accounted for. Please account for this role

20160512 11:59:16 [INFO] Cost Allocation lookup started for employee id: 101776
20160512 11:59:16 [INFO] LOG_RETENTION set to max 20 logs in config.
20160512 11:59:16 [INFO] RUN_SQL is currently disabled in config. Attempting to run allocation cost from provided file.
ARON LEE 101776 (MANAGER $0)
	CHESTER SHAW 326764 (MANAGER $0)
		BRYCE STAFFORD 926260 (MANAGER $0)
			LAMAR HOWE 645819 (DEVELOPER $1000.99)
			HARRISON BERRY 309633 (QA TESTER $500)
			GARRY BOONE 690528 (DEVELOPER $1000.99)
			GROVER WARNER 519413 (DEVELOPER $1000.99)
			ELOY HUNT 897302 (DEVELOPER $1000.99)
			TREY BRADLEY 258165 (QA TESTER $500)
			CECIL BARTON 573634 (QA TESTER $500)
			AHMAD GEORGE 274652 (QA TESTER $500)
			ENRIQUE WATKINS 348713 (DEVELOPER $1000.99)
	EMERY OSBORNE 539310 (MANAGER $0)
		HANS ELLIOTT 152341 (MANAGER $0)
			ANGELO BRADLEY 142667 (DEVELOPER $1000.99)
			TROY PETERSON 860910 (QA TESTER $500)
			VALENTIN OWEN 537385 (DEVELOPER $1000.99)
			MARCELINO GILBERT 443311 (QA TESTER $500)
			KIRBY HOLT 564397 (DEVELOPER $1000.99)
			KELLY SHERMAN 807013 (QA TESTER $500)
			MARIA BARTLETT 518967 (DEVELOPER $1000.99)
			THEODORE POTTER 853680 (DEVELOPER $1000.99)
			EARLE BAKER 740066 (DEVELOPER $1000.99)
	STACEY HICKS 948472 (MANAGER $0)
		JARRETT LITTLE 876481 (MANAGER $0)
			IRWIN WHITE 005804 (QA TESTER $500)
			LON HOLLAND 609143 (QA TESTER $500)
			ARNULFO JOHNSTON 778033 (QA TESTER $500)
			ROSCOE WELLS 126855 (QA TESTER $500)
			BARTON DUNN 886288 (QA TESTER $500)
			OMAR ROBERTSON 040302 (QA TESTER $500)
			MICHEL LEONARD 242394 (DEVELOPER $1000.99)
			JEREMIAH WOODS 601311 (QA TESTER $500)
			JERRY JOHNSON 786660 (QA TESTER $500)
	RODNEY HUGHES 351254 (MANAGER $0)
		HOSEA COOK 935616 (MANAGER $0)
			JOHN SIMMONS 179338 (CONTRACTOR $400)
			CLINTON KING 841872 (QA TESTER $500)
			ALEX COLEMAN 158317 (DEVELOPER $1000.99)
			HUGH CUMMINGS 654645 (QA TESTER $500)
			ALEJANDRO HARPER 791837 (QA TESTER $500)
			DIRK TUCKER 310492 (DEVELOPER $1000.99)
			BARNEY CUNNINGHAM 708568 (QA TESTER $500)
			COLE HUBBARD 892795 (QA TESTER $500)
			TONY SNYDER 561950 (QA TESTER $500)
	TOMMIE MONTGOMERY 463995 (MANAGER $0)
		WINFRED BALL 402233 (MANAGER $0)
			LINCOLN WILCOX 563718 (DEVELOPER $1000.99)
			ODIS HILL 329408 (DEVELOPER $1000.99)
			ELDON STAFFORD 521389 (DEVELOPER $1000.99)
			DEL WELLS 950525 (DEVELOPER $1000.99)
			BERT SPARKS 657053 (QA TESTER $500)
			BRETT LINCOLN 447827 (QA TESTER $500)
			PATRICIA PHELPS 302294 (DEVELOPER $1000.99)
			LINCOLN HALL 889660 (QA TESTER $500)
			DELMAR OLIVER 503583 (QA TESTER $500)
	HUEY ADAMS 805447 (MANAGER $0)
		RALPH WOODS 654321 (MANAGER $0)
			NED HARRIS 101545 (QA TESTER $500)
			ODIS STUART 616994 (DEVELOPER $1000.99)
			LEIGH KNIGHT 225342 (QA TESTER $500)
			WILEY MYERS 602650 (DEVELOPER $1000.99)
			LENNY CAMPBELL 148548 (DEVELOPER $1000.99)
			TERRENCE MARTIN 095695 (DEVELOPER $1000.99)
			DELMER MORRIS 943481 (DEVELOPER $1000.99)
			JOSE JONES 506139 (QA TESTER $500)
			CARROL SPENCER 757664 (QA TESTER $500)
ARON LEE
Employee ID: 101776
Role: MANAGER
Department: CEO
Total Allocation Cost: $38923.76
20160512 12:04:26 [INFO] Cost Allocation lookup started for employee id: 101776
20160512 12:04:26 [INFO] LOG_RETENTION set to max 20 logs in config.
20160512 12:04:27 [INFO] Data retrieved from database successful.
ARON LEE 101776 (MANAGER $300)
	TOMMIE MONTGOMERY 463995 (MANAGER $300)
		WINFRED BALL 402233 (MANAGER $300)
			BERT SPARKS 657053 (QA TESTER $500)
			ELDON STAFFORD 521389 (DEVELOPER $1000)
			LINCOLN HALL 889660 (QA TESTER $500)
			LINCOLN WILCOX 563718 (DEVELOPER $1000)
			DELMAR OLIVER 503583 (QA TESTER $500)
			DEL WELLS 950525 (DEVELOPER $1000)
			BRETT LINCOLN 447827 (QA TESTER $500)
			ODIS HILL 329408 (DEVELOPER $1000)
			PATRICIA PHELPS 302294 (DEVELOPER $1000)
	STACEY HICKS 948472 (MANAGER $300)
		JARRETT LITTLE 876481 (MANAGER $300)
			LON HOLLAND 609143 (QA TESTER $500)
			JERRY JOHNSON 786660 (QA TESTER $500)
			BARTON DUNN 886288 (QA TESTER $500)
			JEREMIAH WOODS 601311 (QA TESTER $500)
			MICHEL LEONARD 242394 (DEVELOPER $1000)
			IRWIN WHITE 005804 (QA TESTER $500)
			ROSCOE WELLS 126855 (QA TESTER $500)
			OMAR ROBERTSON 040302 (QA TESTER $500)
			ARNULFO JOHNSTON 778033 (QA TESTER $500)
	EMERY OSBORNE 539310 (MANAGER $300)
		HANS ELLIOTT 152341 (MANAGER $300)
			KELLY SHERMAN 807013 (QA TESTER $500)
			MARIA BARTLETT 518967 (DEVELOPER $1000)
			VALENTIN OWEN 537385 (DEVELOPER $1000)
			EARLE BAKER 740066 (DEVELOPER $1000)
			THEODORE POTTER 853680 (DEVELOPER $1000)
			KIRBY HOLT 564397 (DEVELOPER $1000)
			ANGELO BRADLEY 142667 (DEVELOPER $1000)
			MARCELINO GILBERT 443311 (QA TESTER $500)
			TROY PETERSON 860910 (QA TESTER $500)
	RODNEY HUGHES 351254 (MANAGER $300)
		HOSEA COOK 935616 (MANAGER $300)
			ALEJANDRO HARPER 791837 (QA TESTER $500)
			ALEX COLEMAN 158317 (DEVELOPER $1000)
			TONY SNYDER 561950 (QA TESTER $500)
			HUGH CUMMINGS 654645 (QA TESTER $500)
			BARNEY CUNNINGHAM 708568 (QA TESTER $500)
			JOHN SIMMONS 179338 (DEVELOPER $1000)
			CLINTON KING 841872 (QA TESTER $500)
			COLE HUBBARD 892795 (QA TESTER $500)
			DIRK TUCKER 310492 (DEVELOPER $1000)
	CHESTER SHAW 326764 (MANAGER $300)
		BRYCE STAFFORD 926260 (MANAGER $300)
			TREY BRADLEY 258165 (QA TESTER $500)
			CECIL BARTON 573634 (QA TESTER $500)
			AHMAD GEORGE 274652 (QA TESTER $500)
			HARRISON BERRY 309633 (QA TESTER $500)
			ENRIQUE WATKINS 348713 (DEVELOPER $1000)
			GROVER WARNER 519413 (DEVELOPER $1000)
			ELOY HUNT 897302 (DEVELOPER $1000)
			GARRY BOONE 690528 (DEVELOPER $1000)
			LAMAR HOWE 645819 (DEVELOPER $1000)
	HUEY ADAMS 805447 (MANAGER $300)
		RALPH WOODS 654321 (MANAGER $300)
			TERRENCE MARTIN 095695 (DEVELOPER $1000)
			LENNY CAMPBELL 148548 (DEVELOPER $1000)
			ODIS STUART 616994 (DEVELOPER $1000)
			JOSE JONES 506139 (QA TESTER $500)
			DELMER MORRIS 943481 (DEVELOPER $1000)
			LEIGH KNIGHT 225342 (QA TESTER $500)
			CARROL SPENCER 757664 (QA TESTER $500)
			WILEY MYERS 602650 (DEVELOPER $1000)
			NED HARRIS 101545 (QA TESTER $500)
ARON LEE
Employee ID: 101776
Role: MANAGER
Department: CEO
Total Allocation Cost: $43400.00
20160512 12:14:42 [INFO] Cost Allocation lookup started for employee id: 101776
20160512 12:14:42 [INFO] LOG_RETENTION set to max 20 logs in config.
20160512 12:14:42 [INFO] Data retrieved from database successful.
ARON LEE 101776 (MANAGER $300)
	HUEY ADAMS 805447 (MANAGER $300)
		RALPH WOODS 654321 (MANAGER $300)
			JOSE JONES 506139 (QA TESTER $500)
			CARROL SPENCER 757664 (QA TESTER $500)
			LEIGH KNIGHT 225342 (QA TESTER $500)
			DELMER MORRIS 943481 (DEVELOPER $1000)
			NED HARRIS 101545 (QA TESTER $500)
			WILEY MYERS 602650 (DEVELOPER $1000)
			TERRENCE MARTIN 095695 (DEVELOPER $1000)
			LENNY CAMPBELL 148548 (DEVELOPER $1000)
			ODIS STUART 616994 (DEVELOPER $1000)
	RODNEY HUGHES 351254 (MANAGER $300)
		HOSEA COOK 935616 (MANAGER $300)
			HUGH CUMMINGS 654645 (QA TESTER $500)
			DIRK TUCKER 310492 (DEVELOPER $1000)
			BARNEY CUNNINGHAM 708568 (QA TESTER $500)
			CLINTON KING 841872 (QA TESTER $500)
			JOHN SIMMONS 179338 (DEVELOPER $1000)
			COLE HUBBARD 892795 (QA TESTER $500)
			ALEJANDRO HARPER 791837 (QA TESTER $500)
			ALEX COLEMAN 158317 (DEVELOPER $1000)
			TONY SNYDER 561950 (QA TESTER $500)
	CHESTER SHAW 326764 (MANAGER $300)
		BRYCE STAFFORD 926260 (MANAGER $300)
			HARRISON BERRY 309633 (QA TESTER $500)
			TREY BRADLEY 258165 (QA TESTER $500)
			GARRY BOONE 690528 (DEVELOPER $1000)
			CECIL BARTON 573634 (QA TESTER $500)
			AHMAD GEORGE 274652 (QA TESTER $500)
			ELOY HUNT 897302 (DEVELOPER $1000)
			GROVER WARNER 519413 (DEVELOPER $1000)
			ENRIQUE WATKINS 348713 (DEVELOPER $1000)
			LAMAR HOWE 645819 (DEVELOPER $1000)
	TOMMIE MONTGOMERY 463995 (MANAGER $300)
		WINFRED BALL 402233 (MANAGER $300)
			BRETT LINCOLN 447827 (QA TESTER $500)
			LINCOLN WILCOX 563718 (DEVELOPER $1000)
			DELMAR OLIVER 503583 (QA TESTER $500)
			PATRICIA PHELPS 302294 (DEVELOPER $1000)
			LINCOLN HALL 889660 (QA TESTER $500)
			BERT SPARKS 657053 (QA TESTER $500)
			ODIS HILL 329408 (DEVELOPER $1000)
			ELDON STAFFORD 521389 (DEVELOPER $1000)
			DEL WELLS 950525 (DEVELOPER $1000)
	EMERY OSBORNE 539310 (MANAGER $300)
		HANS ELLIOTT 152341 (MANAGER $300)
			VALENTIN OWEN 537385 (DEVELOPER $1000)
			MARCELINO GILBERT 443311 (QA TESTER $500)
			EARLE BAKER 740066 (DEVELOPER $1000)
			THEODORE POTTER 853680 (DEVELOPER $1000)
			TROY PETERSON 860910 (QA TESTER $500)
			KELLY SHERMAN 807013 (QA TESTER $500)
			ANGELO BRADLEY 142667 (DEVELOPER $1000)
			MARIA BARTLETT 518967 (DEVELOPER $1000)
			KIRBY HOLT 564397 (DEVELOPER $1000)
	STACEY HICKS 948472 (MANAGER $300)
		JARRETT LITTLE 876481 (MANAGER $300)
			JEREMIAH WOODS 601311 (QA TESTER $500)
			JERRY JOHNSON 786660 (QA TESTER $500)
			ROSCOE WELLS 126855 (QA TESTER $500)
			LON HOLLAND 609143 (QA TESTER $500)
			OMAR ROBERTSON 040302 (QA TESTER $500)
			IRWIN WHITE 005804 (QA TESTER $500)
			ARNULFO JOHNSTON 778033 (QA TESTER $500)
			MICHEL LEONARD 242394 (DEVELOPER $1000)
			BARTON DUNN 886288 (QA TESTER $500)
ARON LEE
Employee ID: 101776
Role: MANAGER
Department: CEO
Total Allocation Cost: $43400.00
20160512 12:17:17 [INFO] Cost Allocation lookup started for employee id: 506139
20160512 12:17:17 [INFO] LOG_RETENTION set to max 20 logs in config.
20160512 12:17:17 [INFO] Data retrieved from database successful.
20160512 12:17:17 [INFO] 506139 is not a manager: 506139|JONES|JOSE|QA Tester|Marketing|654321
20160512 12:22:07 [INFO] Cost Allocation lookup started for employee id: 506139
20160512 12:22:07 [INFO] LOG_RETENTION set to max 20 logs in config.
20160512 12:22:07 [INFO] RUN_SQL is currently disabled in config. Attempting to run allocation cost from provided file.
20160512 12:22:07 [INFO] 506139 is not a manager: 506139|JONES|JOSE|QA Tester|Marketing|654321
20160512 12:22:09 [INFO] Cost Allocation lookup started for employee id: 101776
20160512 12:22:09 [INFO] LOG_RETENTION set to max 20 logs in config.
20160512 12:22:09 [INFO] RUN_SQL is currently disabled in config. Attempting to run allocation cost from provided file.
ARON LEE 101776 (MANAGER $300)
	CHESTER SHAW 326764 (MANAGER $300)
		BRYCE STAFFORD 926260 (MANAGER $300)
			ENRIQUE WATKINS 348713 (DEVELOPER $1000)
			AHMAD GEORGE 274652 (QA TESTER $500)
			TREY BRADLEY 258165 (QA TESTER $500)
			GROVER WARNER 519413 (DEVELOPER $1000)
			ELOY HUNT 897302 (DEVELOPER $1000)
			GARRY BOONE 690528 (DEVELOPER $1000)
			CECIL BARTON 573634 (QA TESTER $500)
			HARRISON BERRY 309633 (QA TESTER $500)
			LAMAR HOWE 645819 (DEVELOPER $1000)
	RODNEY HUGHES 351254 (MANAGER $300)
		HOSEA COOK 935616 (MANAGER $300)
			COLE HUBBARD 892795 (QA TESTER $500)
			TONY SNYDER 561950 (QA TESTER $500)
			CLINTON KING 841872 (QA TESTER $500)
			JOHN SIMMONS 179338 (DEVELOPER $1000)
			HUGH CUMMINGS 654645 (QA TESTER $500)
			ALEX COLEMAN 158317 (DEVELOPER $1000)
			DIRK TUCKER 310492 (DEVELOPER $1000)
			ALEJANDRO HARPER 791837 (QA TESTER $500)
			BARNEY CUNNINGHAM 708568 (QA TESTER $500)
	STACEY HICKS 948472 (MANAGER $300)
		JARRETT LITTLE 876481 (MANAGER $300)
			OMAR ROBERTSON 040302 (QA TESTER $500)
			MICHEL LEONARD 242394 (DEVELOPER $1000)
			JERRY JOHNSON 786660 (QA TESTER $500)
			LON HOLLAND 609143 (QA TESTER $500)
			BARTON DUNN 886288 (QA TESTER $500)
			ROSCOE WELLS 126855 (QA TESTER $500)
			IRWIN WHITE 005804 (QA TESTER $500)
			ARNULFO JOHNSTON 778033 (QA TESTER $500)
			JEREMIAH WOODS 601311 (QA TESTER $500)
	HUEY ADAMS 805447 (MANAGER $300)
		RALPH WOODS 654321 (MANAGER $300)
			JOSE JONES 506139 (QA TESTER $500)
			WILEY MYERS 602650 (DEVELOPER $1000)
			DELMER MORRIS 943481 (DEVELOPER $1000)
			LENNY CAMPBELL 148548 (DEVELOPER $1000)
			LEIGH KNIGHT 225342 (QA TESTER $500)
			ODIS STUART 616994 (DEVELOPER $1000)
			CARROL SPENCER 757664 (QA TESTER $500)
			TERRENCE MARTIN 095695 (DEVELOPER $1000)
			NED HARRIS 101545 (QA TESTER $500)
	TOMMIE MONTGOMERY 463995 (MANAGER $300)
		WINFRED BALL 402233 (MANAGER $300)
			ELDON STAFFORD 521389 (DEVELOPER $1000)
			BRETT LINCOLN 447827 (QA TESTER $500)
			LINCOLN HALL 889660 (QA TESTER $500)
			DEL WELLS 950525 (DEVELOPER $1000)
			LINCOLN WILCOX 563718 (DEVELOPER $1000)
			ODIS HILL 329408 (DEVELOPER $1000)
			BERT SPARKS 657053 (QA TESTER $500)
			DELMAR OLIVER 503583 (QA TESTER $500)
			PATRICIA PHELPS 302294 (DEVELOPER $1000)
	EMERY OSBORNE 539310 (MANAGER $300)
		HANS ELLIOTT 152341 (MANAGER $300)
			THEODORE POTTER 853680 (DEVELOPER $1000)
			TROY PETERSON 860910 (QA TESTER $500)
			EARLE BAKER 740066 (DEVELOPER $1000)
			VALENTIN OWEN 537385 (DEVELOPER $1000)
			MARCELINO GILBERT 443311 (QA TESTER $500)
			KELLY SHERMAN 807013 (QA TESTER $500)
			KIRBY HOLT 564397 (DEVELOPER $1000)
			MARIA BARTLETT 518967 (DEVELOPER $1000)
			ANGELO BRADLEY 142667 (DEVELOPER $1000)
ARON LEE
Employee ID: 101776
Role: MANAGER
Department: CEO
Total Allocation Cost: $43400.00
20160512 12:47:05 [INFO] Cost Allocation lookup started for employee id: 101776
20160512 12:47:05 [INFO] LOG_RETENTION set to max 20 logs in config.
20160512 12:47:05 [INFO] RUN_SQL is currently disabled in config. Attempting to run allocation cost from provided file.
ARON LEE 101776 (MANAGER $300)
	RODNEY HUGHES 351254 (MANAGER $300)
		HOSEA COOK 935616 (MANAGER $300)
			TONY SNYDER 561950 (QA TESTER $500)
			CLINTON KING 841872 (QA TESTER $500)
			ALEJANDRO HARPER 791837 (QA TESTER $500)
			ALEX COLEMAN 158317 (DEVELOPER $1000)
			BARNEY CUNNINGHAM 708568 (QA TESTER $500)
			COLE HUBBARD 892795 (QA TESTER $500)
			DIRK TUCKER 310492 (DEVELOPER $1000)
			HUGH CUMMINGS 654645 (QA TESTER $500)
			JOHN SIMMONS 179338 (DEVELOPER $1000)
	EMERY OSBORNE 539310 (MANAGER $300)
		HANS ELLIOTT 152341 (MANAGER $300)
			EARLE BAKER 740066 (DEVELOPER $1000)
			KIRBY HOLT 564397 (DEVELOPER $1000)
			THEODORE POTTER 853680 (DEVELOPER $1000)
			MARIA BARTLETT 518967 (DEVELOPER $1000)
			VALENTIN OWEN 537385 (DEVELOPER $1000)
			MARCELINO GILBERT 443311 (QA TESTER $500)
			KELLY SHERMAN 807013 (QA TESTER $500)
			TROY PETERSON 860910 (QA TESTER $500)
			ANGELO BRADLEY 142667 (DEVELOPER $1000)
	CHESTER SHAW 326764 (MANAGER $300)
		BRYCE STAFFORD 926260 (MANAGER $300)
			LAMAR HOWE 645819 (DEVELOPER $1000)
			ENRIQUE WATKINS 348713 (DEVELOPER $1000)
			HARRISON BERRY 309633 (QA TESTER $500)
			TREY BRADLEY 258165 (QA TESTER $500)
			AHMAD GEORGE 274652 (QA TESTER $500)
			GROVER WARNER 519413 (DEVELOPER $1000)
			GARRY BOONE 690528 (DEVELOPER $1000)
			ELOY HUNT 897302 (DEVELOPER $1000)
			CECIL BARTON 573634 (QA TESTER $500)
	STACEY HICKS 948472 (MANAGER $300)
		JARRETT LITTLE 876481 (MANAGER $300)
			JERRY JOHNSON 786660 (QA TESTER $500)
			MICHEL LEONARD 242394 (DEVELOPER $1000)
			BARTON DUNN 886288 (QA TESTER $500)
			ROSCOE WELLS 126855 (QA TESTER $500)
			LON HOLLAND 609143 (QA TESTER $500)
			JEREMIAH WOODS 601311 (QA TESTER $500)
			ARNULFO JOHNSTON 778033 (QA TESTER $500)
			IRWIN WHITE 005804 (QA TESTER $500)
			OMAR ROBERTSON 040302 (QA TESTER $500)
	TOMMIE MONTGOMERY 463995 (MANAGER $300)
		WINFRED BALL 402233 (MANAGER $300)
			BERT SPARKS 657053 (QA TESTER $500)
			DEL WELLS 950525 (DEVELOPER $1000)
			ELDON STAFFORD 521389 (DEVELOPER $1000)
			LINCOLN WILCOX 563718 (DEVELOPER $1000)
			LINCOLN HALL 889660 (QA TESTER $500)
			DELMAR OLIVER 503583 (QA TESTER $500)
			ODIS HILL 329408 (DEVELOPER $1000)
			PATRICIA PHELPS 302294 (DEVELOPER $1000)
			BRETT LINCOLN 447827 (QA TESTER $500)
	HUEY ADAMS 805447 (MANAGER $300)
		RALPH WOODS 654321 (MANAGER $300)
			DELMER MORRIS 943481 (DEVELOPER $1000)
			LENNY CAMPBELL 148548 (DEVELOPER $1000)
			ODIS STUART 616994 (DEVELOPER $1000)
			WILEY MYERS 602650 (DEVELOPER $1000)
			LEIGH KNIGHT 225342 (QA TESTER $500)
			TERRENCE MARTIN 095695 (DEVELOPER $1000)
			JOSE JONES 506139 (QA TESTER $500)
			NED HARRIS 101545 (QA TESTER $500)
			CARROL SPENCER 757664 (QA TESTER $500)
ARON LEE
Employee ID: 101776
Role: MANAGER
Department: CEO
Total Allocation Cost: $43400.00
20160512 12:47:12 [INFO] Cost Allocation lookup started for employee id: 506139
20160512 12:47:12 [INFO] LOG_RETENTION set to max 20 logs in config.
20160512 12:47:12 [INFO] RUN_SQL is currently disabled in config. Attempting to run allocation cost from provided file.
20160512 12:47:12 [INFO] 506139 is not a manager: 506139|JONES|JOSE|QA Tester|Marketing|654321
20160512 14:46:15 [INFO] Cost Allocation lookup started for employee id: 101776
20160512 14:46:15 [INFO] LOG_RETENTION set to max 20 logs in config.
20160512 14:46:15 [INFO] RUN_SQL is currently disabled in config. Attempting to run allocation cost from provided file.
ARON LEE 101776 (MANAGER $300)
	CHESTER SHAW 326764 (MANAGER $300)
		BRYCE STAFFORD 926260 (MANAGER $300)
			TREY BRADLEY 258165 (QA TESTER $500)
			CECIL BARTON 573634 (QA TESTER $500)
			HARRISON BERRY 309633 (QA TESTER $500)
			ELOY HUNT 897302 (DEVELOPER $1000)
			LAMAR HOWE 645819 (DEVELOPER $1000)
			GARRY BOONE 690528 (DEVELOPER $1000)
			ENRIQUE WATKINS 348713 (DEVELOPER $1000)
			GROVER WARNER 519413 (DEVELOPER $1000)
			AHMAD GEORGE 274652 (QA TESTER $500)
	STACEY HICKS 948472 (MANAGER $300)
		JARRETT LITTLE 876481 (MANAGER $300)
			IRWIN WHITE 005804 (QA TESTER $500)
			ROSCOE WELLS 126855 (QA TESTER $500)
			OMAR ROBERTSON 040302 (QA TESTER $500)
			LON HOLLAND 609143 (QA TESTER $500)
			JEREMIAH WOODS 601311 (QA TESTER $500)
			ARNULFO JOHNSTON 778033 (QA TESTER $500)
			BARTON DUNN 886288 (QA TESTER $500)
			MICHEL LEONARD 242394 (DEVELOPER $1000)
			JERRY JOHNSON 786660 (QA TESTER $500)
	RODNEY HUGHES 351254 (MANAGER $300)
		HOSEA COOK 935616 (MANAGER $300)
			DIRK TUCKER 310492 (DEVELOPER $1000)
			ALEX COLEMAN 158317 (DEVELOPER $1000)
			CLINTON KING 841872 (QA TESTER $500)
			BARNEY CUNNINGHAM 708568 (QA TESTER $500)
			HUGH CUMMINGS 654645 (QA TESTER $500)
			ALEJANDRO HARPER 791837 (QA TESTER $500)
			COLE HUBBARD 892795 (QA TESTER $500)
			JOHN SIMMONS 179338 (DEVELOPER $1000)
			TONY SNYDER 561950 (QA TESTER $500)
	EMERY OSBORNE 539310 (MANAGER $300)
		HANS ELLIOTT 152341 (MANAGER $300)
			ANGELO BRADLEY 142667 (DEVELOPER $1000)
			MARIA BARTLETT 518967 (DEVELOPER $1000)
			KELLY SHERMAN 807013 (QA TESTER $500)
			EARLE BAKER 740066 (DEVELOPER $1000)
			THEODORE POTTER 853680 (DEVELOPER $1000)
			TROY PETERSON 860910 (QA TESTER $500)
			MARCELINO GILBERT 443311 (QA TESTER $500)
			VALENTIN OWEN 537385 (DEVELOPER $1000)
			KIRBY HOLT 564397 (DEVELOPER $1000)
	HUEY ADAMS 805447 (MANAGER $300)
		RALPH WOODS 654321 (MANAGER $300)
			LENNY CAMPBELL 148548 (DEVELOPER $1000)
			ODIS STUART 616994 (DEVELOPER $1000)
			CARROL SPENCER 757664 (QA TESTER $500)
			DELMER MORRIS 943481 (DEVELOPER $1000)
			LEIGH KNIGHT 225342 (QA TESTER $500)
			TERRENCE MARTIN 095695 (DEVELOPER $1000)
			JOSE JONES 506139 (QA TESTER $500)
			NED HARRIS 101545 (QA TESTER $500)
			WILEY MYERS 602650 (DEVELOPER $1000)
	TOMMIE MONTGOMERY 463995 (MANAGER $300)
		WINFRED BALL 402233 (MANAGER $300)
			PATRICIA PHELPS 302294 (DEVELOPER $1000)
			DELMAR OLIVER 503583 (QA TESTER $500)
			ODIS HILL 329408 (DEVELOPER $1000)
			BERT SPARKS 657053 (QA TESTER $500)
			DEL WELLS 950525 (DEVELOPER $1000)
			ELDON STAFFORD 521389 (DEVELOPER $1000)
			BRETT LINCOLN 447827 (QA TESTER $500)
			LINCOLN HALL 889660 (QA TESTER $500)
			LINCOLN WILCOX 563718 (DEVELOPER $1000)
ARON LEE
Employee ID: 101776
Role: MANAGER
Department: CEO
Total Allocation Cost: $43400.00
