20160717 14:49:59 [INFO] Cost Allocation lookup started for employee id: 101776
20160717 14:49:59 [INFO] LOG_RETENTION set to max 20 logs in config.
20160717 14:49:59 [INFO] RUN_SQL is currently disabled in config. Attempting to run allocation cost from provided file.
ARON LEE 101776 (MANAGER $300)
	HUEY ADAMS 805447 (MANAGER $300)
		RALPH WOODS 654321 (MANAGER $300)
			DELMER MORRIS 943481 (DEVELOPER $1000)
			TERRENCE MARTIN 095695 (DEVELOPER $1000)
			WILEY MYERS 602650 (DEVELOPER $1000)
			CARROL SPENCER 757664 (QA TESTER $500)
			JOSE JONES 506139 (QA TESTER $500)
			LENNY CAMPBELL 148548 (DEVELOPER $1000)
			ODIS STUART 616994 (DEVELOPER $1000)
			NED HARRIS 101545 (QA TESTER $500)
			LEIGH KNIGHT 225342 (QA TESTER $500)
	STACEY HICKS 948472 (MANAGER $300)
		JARRETT LITTLE 876481 (MANAGER $300)
			BARTON DUNN 886288 (QA TESTER $500)
			LON HOLLAND 609143 (QA TESTER $500)
			ARNULFO JOHNSTON 778033 (QA TESTER $500)
			JERRY JOHNSON 786660 (QA TESTER $500)
			JEREMIAH WOODS 601311 (QA TESTER $500)
			OMAR ROBERTSON 040302 (QA TESTER $500)
			IRWIN WHITE 005804 (QA TESTER $500)
			MICHEL LEONARD 242394 (DEVELOPER $1000)
			ROSCOE WELLS 126855 (QA TESTER $500)
	EMERY OSBORNE 539310 (MANAGER $300)
		HANS ELLIOTT 152341 (MANAGER $300)
			EARLE BAKER 740066 (DEVELOPER $1000)
			VALENTIN OWEN 537385 (DEVELOPER $1000)
			MARCELINO GILBERT 443311 (QA TESTER $500)
			KELLY SHERMAN 807013 (QA TESTER $500)
			ANGELO BRADLEY 142667 (DEVELOPER $1000)
			TROY PETERSON 860910 (QA TESTER $500)
			THEODORE POTTER 853680 (DEVELOPER $1000)
			KIRBY HOLT 564397 (DEVELOPER $1000)
			MARIA BARTLETT 518967 (DEVELOPER $1000)
	CHESTER SHAW 326764 (MANAGER $300)
		BRYCE STAFFORD 926260 (MANAGER $300)
			TREY BRADLEY 258165 (QA TESTER $500)
			ENRIQUE WATKINS 348713 (DEVELOPER $1000)
			HARRISON BERRY 309633 (QA TESTER $500)
			AHMAD GEORGE 274652 (QA TESTER $500)
			GROVER WARNER 519413 (DEVELOPER $1000)
			ELOY HUNT 897302 (DEVELOPER $1000)
			LAMAR HOWE 645819 (DEVELOPER $1000)
			CECIL BARTON 573634 (QA TESTER $500)
			GARRY BOONE 690528 (DEVELOPER $1000)
	RODNEY HUGHES 351254 (MANAGER $300)
		HOSEA COOK 935616 (MANAGER $300)
			TONY SNYDER 561950 (QA TESTER $500)
			HUGH CUMMINGS 654645 (QA TESTER $500)
			DIRK TUCKER 310492 (DEVELOPER $1000)
			COLE HUBBARD 892795 (QA TESTER $500)
			ALEJANDRO HARPER 791837 (QA TESTER $500)
			JOHN SIMMONS 179338 (DEVELOPER $1000)
			ALEX COLEMAN 158317 (DEVELOPER $1000)
			BARNEY CUNNINGHAM 708568 (QA TESTER $500)
			CLINTON KING 841872 (QA TESTER $500)
	TOMMIE MONTGOMERY 463995 (MANAGER $300)
		WINFRED BALL 402233 (MANAGER $300)
			DEL WELLS 950525 (DEVELOPER $1000)
			LINCOLN HALL 889660 (QA TESTER $500)
			BERT SPARKS 657053 (QA TESTER $500)
			DELMAR OLIVER 503583 (QA TESTER $500)
			BRETT LINCOLN 447827 (QA TESTER $500)
			ELDON STAFFORD 521389 (DEVELOPER $1000)
			PATRICIA PHELPS 302294 (DEVELOPER $1000)
			LINCOLN WILCOX 563718 (DEVELOPER $1000)
			ODIS HILL 329408 (DEVELOPER $1000)
ARON LEE
Employee ID: 101776
Role: MANAGER
Department: CEO
Total Allocation Cost: $43400.00
